"../../../Engine/Content/EditorResources/S_Actor.ubulk" 0
"../../../Engine/Content/EditorResources/S_Actor.uasset" 1
"../../../Engine/Content/EditorResources/S_Actor.uexp" 2
"../../../Engine/Content/EditorResources/S_BoxReflectionCapture.uasset" 3
"../../../Engine/Content/EditorResources/S_BoxReflectionCapture.uexp" 4
"../../../Engine/Content/EngineResources/DefaultTexture.ubulk" 5
"../../../Engine/Content/EngineResources/DefaultTexture.uasset" 6
"../../../Engine/Content/EngineResources/DefaultTexture.uexp" 7
"../../../Engine/Content/EngineResources/DefaultTextureCube.uasset" 8
"../../../Engine/Content/EngineResources/DefaultTextureCube.uexp" 9
"../../../Engine/Content/EngineResources/DefaultVolumeTexture2D.uasset" 10
"../../../Engine/Content/EngineResources/DefaultVolumeTexture2D.uexp" 11
"../../../Engine/Content/EngineResources/DefaultVolumeTexture.uasset" 12
"../../../Engine/Content/EngineResources/DefaultVolumeTexture.uexp" 13
"../../../Engine/Content/EditorResources/S_Trigger.ubulk" 14
"../../../Engine/Content/EditorResources/S_Trigger.uasset" 15
"../../../Engine/Content/EditorResources/S_Trigger.uexp" 16
"../../../Engine/Content/EditorResources/S_TriggerBox.uasset" 17
"../../../Engine/Content/EditorResources/S_TriggerBox.uexp" 18
"../../../Engine/Content/EditorResources/S_TriggerCapsule.uasset" 19
"../../../Engine/Content/EditorResources/S_TriggerCapsule.uexp" 20
"../../../Engine/Content/EditorResources/S_TriggerSphere.uasset" 21
"../../../Engine/Content/EditorResources/S_TriggerSphere.uexp" 22
"../../../Engine/Content/EngineMeshes/Sphere.ubulk" 23
"../../../Engine/Content/EngineMeshes/Sphere.uasset" 24
"../../../Engine/Content/EngineMeshes/Sphere.uexp" 25
"../../../Engine/Content/EngineResources/GradientTexture0.uasset" 26
"../../../Engine/Content/EngineResources/GradientTexture0.uexp" 27
"../../../Engine/Content/EngineResources/Black.uasset" 28
"../../../Engine/Content/EngineResources/Black.uexp" 29
"../../../Engine/Content/VREditor/LaserPointer/VR_LaserPower_01.ubulk" 30
"../../../Engine/Content/VREditor/LaserPointer/VR_LaserPower_01.uasset" 31
"../../../Engine/Content/VREditor/LaserPointer/VR_LaserPower_01.uexp" 32
"../../../Engine/Content/VREditor/TransformGizmo/TransformGizmoMaterial.uasset" 33
"../../../Engine/Content/VREditor/TransformGizmo/TransformGizmoMaterial.uexp" 34
"../../../Engine/Content/VREditor/TransformGizmo/TranslucentTransformGizmoMaterial.uasset" 35
"../../../Engine/Content/VREditor/TransformGizmo/TranslucentTransformGizmoMaterial.uexp" 36
"../../../Engine/Content/VREditor/TransformGizmo/PlaneTranslationHandle.ubulk" 37
"../../../Engine/Content/VREditor/TransformGizmo/PlaneTranslationHandle.uasset" 38
"../../../Engine/Content/VREditor/TransformGizmo/PlaneTranslationHandle.uexp" 39
"../../../Engine/Content/VREditor/TransformGizmo/BoundingBoxCorner.ubulk" 40
"../../../Engine/Content/VREditor/TransformGizmo/BoundingBoxCorner.uasset" 41
"../../../Engine/Content/VREditor/TransformGizmo/BoundingBoxCorner.uexp" 42
"../../../Engine/Content/VREditor/TransformGizmo/BoundingBoxEdge.ubulk" 43
"../../../Engine/Content/VREditor/TransformGizmo/BoundingBoxEdge.uasset" 44
"../../../Engine/Content/VREditor/TransformGizmo/BoundingBoxEdge.uexp" 45
"../../../Engine/Content/VREditor/TransformGizmo/Main.uasset" 46
"../../../Engine/Content/VREditor/TransformGizmo/Main.uexp" 47
"../../../Engine/Content/VREditor/TransformGizmo/Xray.uasset" 48
"../../../Engine/Content/VREditor/TransformGizmo/Xray.uexp" 49
"../../../Engine/Content/VREditor/TransformGizmo/SM_Sequencer_Node.ubulk" 50
"../../../Engine/Content/VREditor/TransformGizmo/SM_Sequencer_Node.uasset" 51
"../../../Engine/Content/VREditor/TransformGizmo/SM_Sequencer_Node.uexp" 52
"../../../Engine/Content/EditorMaterials/Camera/CineMat.uasset" 53
"../../../Engine/Content/EditorMaterials/Camera/CineMat.uexp" 54
"../../../Engine/Content/EditorMaterials/Camera/MI_CineMat_Rig.uasset" 55
"../../../Engine/Content/EditorMaterials/Camera/MI_CineMat_Rig.uexp" 56
"../../../Engine/Content/EditorMeshes/Camera/SM_CraneRig_Base.ubulk" 57
"../../../Engine/Content/EditorMeshes/Camera/SM_CraneRig_Base.uasset" 58
"../../../Engine/Content/EditorMeshes/Camera/SM_CraneRig_Base.uexp" 59
"../../../Engine/Content/EditorMeshes/Camera/SM_CraneRig_Arm.ubulk" 60
"../../../Engine/Content/EditorMeshes/Camera/SM_CraneRig_Arm.uasset" 61
"../../../Engine/Content/EditorMeshes/Camera/SM_CraneRig_Arm.uexp" 62
"../../../Engine/Content/EditorMeshes/Camera/SM_CraneRig_Mount.ubulk" 63
"../../../Engine/Content/EditorMeshes/Camera/SM_CraneRig_Mount.uasset" 64
"../../../Engine/Content/EditorMeshes/Camera/SM_CraneRig_Mount.uexp" 65
"../../../Engine/Content/EditorMeshes/Camera/SM_CraneRig_Body.ubulk" 66
"../../../Engine/Content/EditorMeshes/Camera/SM_CraneRig_Body.uasset" 67
"../../../Engine/Content/EditorMeshes/Camera/SM_CraneRig_Body.uexp" 68
"../../../Engine/Content/EditorMeshes/Camera/SM_RailRig_Track.ubulk" 69
"../../../Engine/Content/EditorMeshes/Camera/SM_RailRig_Track.uasset" 70
"../../../Engine/Content/EditorMeshes/Camera/SM_RailRig_Track.uexp" 71
"../../../Engine/Content/EditorMeshes/Camera/SM_RailRig_Mount.ubulk" 72
"../../../Engine/Content/EditorMeshes/Camera/SM_RailRig_Mount.uasset" 73
"../../../Engine/Content/EditorMeshes/Camera/SM_RailRig_Mount.uexp" 74
"../../../Engine/Content/EngineMaterials/T_Default_Material_Grid_M.ubulk" 75
"../../../Engine/Content/EngineMaterials/T_Default_Material_Grid_M.uasset" 76
"../../../Engine/Content/EngineMaterials/T_Default_Material_Grid_M.uexp" 77
"../../../Engine/Content/EngineMaterials/T_Default_Material_Grid_N.ubulk" 78
"../../../Engine/Content/EngineMaterials/T_Default_Material_Grid_N.uasset" 79
"../../../Engine/Content/EngineMaterials/T_Default_Material_Grid_N.uexp" 80
"../../../Engine/Content/Functions/Engine_MaterialFunctions01/Opacity/CameraDepthFade.uasset" 81
"../../../Engine/Content/Functions/Engine_MaterialFunctions01/Opacity/CameraDepthFade.uexp" 82
"../../../Engine/Content/EngineMaterials/WorldGridMaterial.uasset" 83
"../../../Engine/Content/EngineMaterials/WorldGridMaterial.uexp" 84
"../../../Engine/Content/ArtTools/RenderToTexture/Meshes/S_1_Unit_Plane.ubulk" 85
"../../../Engine/Content/ArtTools/RenderToTexture/Meshes/S_1_Unit_Plane.uasset" 86
"../../../Engine/Content/ArtTools/RenderToTexture/Meshes/S_1_Unit_Plane.uexp" 87
"../../../Engine/Content/EditorMaterials/ParticleSystems/PSysThumbnail_NoImage.ubulk" 88
"../../../Engine/Content/EditorMaterials/ParticleSystems/PSysThumbnail_NoImage.uasset" 89
"../../../Engine/Content/EditorMaterials/ParticleSystems/PSysThumbnail_NoImage.uexp" 90
"../../../Engine/Content/EditorMaterials/ParticleSystems/PSysThumbnail_OOD.ubulk" 91
"../../../Engine/Content/EditorMaterials/ParticleSystems/PSysThumbnail_OOD.uasset" 92
"../../../Engine/Content/EditorMaterials/ParticleSystems/PSysThumbnail_OOD.uexp" 93
"../../../Engine/Content/EditorLandscapeResources/SplineEditorMeshMat.uasset" 94
"../../../Engine/Content/EditorLandscapeResources/SplineEditorMeshMat.uexp" 95
"../../../Engine/Content/EditorLandscapeResources/SplineEditorMesh.ubulk" 96
"../../../Engine/Content/EditorLandscapeResources/SplineEditorMesh.uasset" 97
"../../../Engine/Content/EditorLandscapeResources/SplineEditorMesh.uexp" 98
"../../../Engine/Content/EditorResources/S_Solver.ubulk" 99
"../../../Engine/Content/EditorResources/S_Solver.uasset" 100
"../../../Engine/Content/EditorResources/S_Solver.uexp" 101
"../../../Engine/Plugins/Media/MediaPlate/Content/SM_MediaPlateScreen.ubulk" 102
"../../../Engine/Plugins/Media/MediaPlate/Content/SM_MediaPlateScreen.uasset" 103
"../../../Engine/Plugins/Media/MediaPlate/Content/SM_MediaPlateScreen.uexp" 104
"../../../Engine/Content/EngineMaterials/Good64x64TilingNoiseHighFreq.uasset" 105
"../../../Engine/Content/EngineMaterials/Good64x64TilingNoiseHighFreq.uexp" 106
"../../../Engine/Content/EngineMaterials/DefaultBokeh.uasset" 107
"../../../Engine/Content/EngineMaterials/DefaultBokeh.uexp" 108
"../../../Engine/Content/EngineMaterials/PreintegratedSkinBRDF.uasset" 109
"../../../Engine/Content/EngineMaterials/PreintegratedSkinBRDF.uexp" 110
"../../../Engine/Content/EngineMaterials/MiniFont.uasset" 111
"../../../Engine/Content/EngineMaterials/MiniFont.uexp" 112
"../../../Engine/Content/EngineMaterials/WeightMapPlaceholderTexture.uasset" 113
"../../../Engine/Content/EngineMaterials/WeightMapPlaceholderTexture.uexp" 114
"../../../Engine/Content/EngineMaterials/DefaultWhiteGrid.ubulk" 115
"../../../Engine/Content/EngineMaterials/DefaultWhiteGrid.uasset" 116
"../../../Engine/Content/EngineMaterials/DefaultWhiteGrid.uexp" 117
"../../../Engine/Plugins/2D/Paper2D/Content/PlaceholderTextures/DummySpriteTexture.ubulk" 118
"../../../Engine/Plugins/2D/Paper2D/Content/PlaceholderTextures/DummySpriteTexture.uasset" 119
"../../../Engine/Plugins/2D/Paper2D/Content/PlaceholderTextures/DummySpriteTexture.uexp" 120
"../../../Engine/Plugins/2D/Paper2D/Content/DefaultSpriteMaterial.uasset" 121
"../../../Engine/Plugins/2D/Paper2D/Content/DefaultSpriteMaterial.uexp" 122
"../../../Engine/Plugins/2D/Paper2D/Content/OpaqueUnlitSpriteMaterial.uasset" 123
"../../../Engine/Plugins/2D/Paper2D/Content/OpaqueUnlitSpriteMaterial.uexp" 124
"../../../Engine/Plugins/2D/Paper2D/Content/MaskedUnlitSpriteMaterial.uasset" 125
"../../../Engine/Plugins/2D/Paper2D/Content/MaskedUnlitSpriteMaterial.uexp" 126
"../../../Engine/Plugins/2D/Paper2D/Content/DummySprite.uasset" 127
"../../../Engine/Plugins/2D/Paper2D/Content/DummySprite.uexp" 128
"../../../Engine/Plugins/2D/Paper2D/Content/DefaultPaperTerrainMaterial.uasset" 129
"../../../Engine/Plugins/2D/Paper2D/Content/DefaultPaperTerrainMaterial.uexp" 130
"B:/KartRacer/KartRacer/Content/FMapSelectData.uasset" 131
"B:/KartRacer/KartRacer/Content/FMapSelectData.uexp" 132
"B:/KartRacer/KartRacer/Content/MapSelectDataTable.uasset" 133
"B:/KartRacer/KartRacer/Content/MapSelectDataTable.uexp" 134
"../../../Engine/Content/Functions/Engine_MaterialFunctions02/WorldPositionOffset/CameraOffset.uasset" 135
"../../../Engine/Content/Functions/Engine_MaterialFunctions02/WorldPositionOffset/CameraOffset.uexp" 136
"../../../Engine/Plugins/Animation/ControlRig/Content/M_Manip.uasset" 137
"../../../Engine/Plugins/Animation/ControlRig/Content/M_Manip.uexp" 138
"../../../Engine/Content/Animation/DefaultRecorderBoneCompression.uasset" 139
"../../../Engine/Content/Animation/DefaultRecorderBoneCompression.uexp" 140
"../../../Engine/Content/Animation/DefaultAnimCurveCompressionSettings.uasset" 141
"../../../Engine/Content/Animation/DefaultAnimCurveCompressionSettings.uexp" 142
"../../../Engine/Content/Animation/DefaultAnimBoneCompressionSettings.uasset" 143
"../../../Engine/Content/Animation/DefaultAnimBoneCompressionSettings.uexp" 144
"../../../Engine/Content/EngineMaterials/DefaultMaterial.uasset" 145
"../../../Engine/Content/EngineMaterials/DefaultMaterial.uexp" 146
"../../../Engine/Content/BasicShapes/Sphere.ubulk" 147
"../../../Engine/Content/BasicShapes/Sphere.uasset" 148
"../../../Engine/Content/BasicShapes/Sphere.uexp" 149
"../../../Engine/Content/BasicShapes/Plane.ubulk" 150
"../../../Engine/Content/BasicShapes/Plane.uasset" 151
"../../../Engine/Content/BasicShapes/Plane.uexp" 152
"../../../Engine/Content/BasicShapes/Cylinder.ubulk" 153
"../../../Engine/Content/BasicShapes/Cylinder.uasset" 154
"../../../Engine/Content/BasicShapes/Cylinder.uexp" 155
"../../../Engine/Content/BasicShapes/Cube.ubulk" 156
"../../../Engine/Content/BasicShapes/Cube.uasset" 157
"../../../Engine/Content/BasicShapes/Cube.uexp" 158
"../../../Engine/Content/EditorResources/S_Terrain.ubulk" 159
"../../../Engine/Content/EditorResources/S_Terrain.uasset" 160
"../../../Engine/Content/EditorResources/S_Terrain.uexp" 161
"../../../Engine/Content/EngineResources/WhiteSquareTexture.uasset" 162
"../../../Engine/Content/EngineResources/WhiteSquareTexture.uexp" 163
"../../../Engine/Content/EngineMaterials/Widget3DPassThrough.uasset" 164
"../../../Engine/Content/EngineMaterials/Widget3DPassThrough.uexp" 165
"../../../Engine/Content/EngineMaterials/Widget3DPassThrough_Translucent.uasset" 166
"../../../Engine/Content/EngineMaterials/Widget3DPassThrough_Translucent.uexp" 167
"../../../Engine/Content/EngineMaterials/Widget3DPassThrough_Translucent_OneSided.uasset" 168
"../../../Engine/Content/EngineMaterials/Widget3DPassThrough_Translucent_OneSided.uexp" 169
"../../../Engine/Content/EngineMaterials/Widget3DPassThrough_Opaque.uasset" 170
"../../../Engine/Content/EngineMaterials/Widget3DPassThrough_Opaque.uexp" 171
"../../../Engine/Content/EngineMaterials/Widget3DPassThrough_Opaque_OneSided.uasset" 172
"../../../Engine/Content/EngineMaterials/Widget3DPassThrough_Opaque_OneSided.uexp" 173
"../../../Engine/Content/EngineMaterials/Widget3DPassThrough_Masked_OneSided.uasset" 174
"../../../Engine/Content/EngineMaterials/Widget3DPassThrough_Masked_OneSided.uexp" 175
"../../../Engine/Content/EngineMaterials/Widget3DPassThrough_Masked.uasset" 176
"../../../Engine/Content/EngineMaterials/Widget3DPassThrough_Masked.uexp" 177
"../../../Engine/Plugins/Animation/ControlRig/Content/Controls/DefaultGizmoLibraryNormalized.uasset" 178
"../../../Engine/Plugins/Animation/ControlRig/Content/Controls/DefaultGizmoLibraryNormalized.uexp" 179
"../../../Engine/Plugins/Animation/ControlRig/Content/Controls/ControlRig_Wedge_solid.ubulk" 180
"../../../Engine/Plugins/Animation/ControlRig/Content/Controls/ControlRig_Wedge_solid.uasset" 181
"../../../Engine/Plugins/Animation/ControlRig/Content/Controls/ControlRig_Wedge_solid.uexp" 182
"../../../Engine/Plugins/Animation/ControlRig/Content/Controls/ControlRig_Wedge_3mm.ubulk" 183
"../../../Engine/Plugins/Animation/ControlRig/Content/Controls/ControlRig_Wedge_3mm.uasset" 184
"../../../Engine/Plugins/Animation/ControlRig/Content/Controls/ControlRig_Wedge_3mm.uexp" 185
"../../../Engine/Plugins/Animation/ControlRig/Content/Controls/ControlRig_Wedge_1mm.ubulk" 186
"../../../Engine/Plugins/Animation/ControlRig/Content/Controls/ControlRig_Wedge_1mm.uasset" 187
"../../../Engine/Plugins/Animation/ControlRig/Content/Controls/ControlRig_Wedge_1mm.uexp" 188
"../../../Engine/Plugins/Animation/ControlRig/Content/Controls/ControlRig_Triangle_solid.ubulk" 189
"../../../Engine/Plugins/Animation/ControlRig/Content/Controls/ControlRig_Triangle_solid.uasset" 190
"../../../Engine/Plugins/Animation/ControlRig/Content/Controls/ControlRig_Triangle_solid.uexp" 191
"../../../Engine/Plugins/Animation/ControlRig/Content/Controls/ControlRig_Triangle_3mm.ubulk" 192
"../../../Engine/Plugins/Animation/ControlRig/Content/Controls/ControlRig_Triangle_3mm.uasset" 193
"../../../Engine/Plugins/Animation/ControlRig/Content/Controls/ControlRig_Triangle_3mm.uexp" 194
"../../../Engine/Plugins/Animation/ControlRig/Content/Controls/ControlRig_Triangle_1mm.ubulk" 195
"../../../Engine/Plugins/Animation/ControlRig/Content/Controls/ControlRig_Triangle_1mm.uasset" 196
"../../../Engine/Plugins/Animation/ControlRig/Content/Controls/ControlRig_Triangle_1mm.uexp" 197
"../../../Engine/Plugins/Animation/ControlRig/Content/Controls/ControlRig_Star4_solid.ubulk" 198
"../../../Engine/Plugins/Animation/ControlRig/Content/Controls/ControlRig_Star4_solid.uasset" 199
"../../../Engine/Plugins/Animation/ControlRig/Content/Controls/ControlRig_Star4_solid.uexp" 200
"../../../Engine/Plugins/Animation/ControlRig/Content/Controls/ControlRig_Star4_3mm.ubulk" 201
"../../../Engine/Plugins/Animation/ControlRig/Content/Controls/ControlRig_Star4_3mm.uasset" 202
"../../../Engine/Plugins/Animation/ControlRig/Content/Controls/ControlRig_Star4_3mm.uexp" 203
"../../../Engine/Plugins/Animation/ControlRig/Content/Controls/ControlRig_Star4_1mm.ubulk" 204
"../../../Engine/Plugins/Animation/ControlRig/Content/Controls/ControlRig_Star4_1mm.uasset" 205
"../../../Engine/Plugins/Animation/ControlRig/Content/Controls/ControlRig_Star4_1mm.uexp" 206
"../../../Engine/Plugins/Animation/ControlRig/Content/Controls/ControlRig_Square_solid.ubulk" 207
"../../../Engine/Plugins/Animation/ControlRig/Content/Controls/ControlRig_Square_solid.uasset" 208
"../../../Engine/Plugins/Animation/ControlRig/Content/Controls/ControlRig_Square_solid.uexp" 209
"../../../Engine/Plugins/Animation/ControlRig/Content/Controls/ControlRig_Square_3mm.ubulk" 210
"../../../Engine/Plugins/Animation/ControlRig/Content/Controls/ControlRig_Square_3mm.uasset" 211
"../../../Engine/Plugins/Animation/ControlRig/Content/Controls/ControlRig_Square_3mm.uexp" 212
"../../../Engine/Plugins/Animation/ControlRig/Content/Controls/ControlRig_Square_1mm.ubulk" 213
"../../../Engine/Plugins/Animation/ControlRig/Content/Controls/ControlRig_Square_1mm.uasset" 214
"../../../Engine/Plugins/Animation/ControlRig/Content/Controls/ControlRig_Square_1mm.uexp" 215
"../../../Engine/Plugins/Animation/ControlRig/Content/Controls/ControlRig_Sphere_solid.ubulk" 216
"../../../Engine/Plugins/Animation/ControlRig/Content/Controls/ControlRig_Sphere_solid.uasset" 217
"../../../Engine/Plugins/Animation/ControlRig/Content/Controls/ControlRig_Sphere_solid.uexp" 218
"../../../Engine/Plugins/Animation/ControlRig/Content/Controls/ControlRig_Sphere_3mm.ubulk" 219
"../../../Engine/Plugins/Animation/ControlRig/Content/Controls/ControlRig_Sphere_3mm.uasset" 220
"../../../Engine/Plugins/Animation/ControlRig/Content/Controls/ControlRig_Sphere_3mm.uexp" 221
"../../../Engine/Plugins/Animation/ControlRig/Content/Controls/ControlRig_Sphere_1mm.ubulk" 222
"../../../Engine/Plugins/Animation/ControlRig/Content/Controls/ControlRig_Sphere_1mm.uasset" 223
"../../../Engine/Plugins/Animation/ControlRig/Content/Controls/ControlRig_Sphere_1mm.uexp" 224
"../../../Engine/Plugins/Animation/ControlRig/Content/Controls/ControlRig_RoundedTriangle_solid.ubulk" 225
"../../../Engine/Plugins/Animation/ControlRig/Content/Controls/ControlRig_RoundedTriangle_solid.uasset" 226
"../../../Engine/Plugins/Animation/ControlRig/Content/Controls/ControlRig_RoundedTriangle_solid.uexp" 227
"../../../Engine/Plugins/Animation/ControlRig/Content/Controls/ControlRig_RoundedTriangle_3mm.ubulk" 228
"../../../Engine/Plugins/Animation/ControlRig/Content/Controls/ControlRig_RoundedTriangle_3mm.uasset" 229
"../../../Engine/Plugins/Animation/ControlRig/Content/Controls/ControlRig_RoundedTriangle_3mm.uexp" 230
"../../../Engine/Plugins/Animation/ControlRig/Content/Controls/ControlRig_RoundedTriangle_1mm.ubulk" 231
"../../../Engine/Plugins/Animation/ControlRig/Content/Controls/ControlRig_RoundedTriangle_1mm.uasset" 232
"../../../Engine/Plugins/Animation/ControlRig/Content/Controls/ControlRig_RoundedTriangle_1mm.uexp" 233
"../../../Engine/Plugins/Animation/ControlRig/Content/Controls/ControlRig_RoundedSquare_solid.ubulk" 234
"../../../Engine/Plugins/Animation/ControlRig/Content/Controls/ControlRig_RoundedSquare_solid.uasset" 235
"../../../Engine/Plugins/Animation/ControlRig/Content/Controls/ControlRig_RoundedSquare_solid.uexp" 236
"../../../Engine/Plugins/Animation/ControlRig/Content/Controls/ControlRig_RoundedSquare_3mm.ubulk" 237
"../../../Engine/Plugins/Animation/ControlRig/Content/Controls/ControlRig_RoundedSquare_3mm.uasset" 238
"../../../Engine/Plugins/Animation/ControlRig/Content/Controls/ControlRig_RoundedSquare_3mm.uexp" 239
"../../../Engine/Plugins/Animation/ControlRig/Content/Controls/ControlRig_RoundedSquare_1mm.ubulk" 240
"../../../Engine/Plugins/Animation/ControlRig/Content/Controls/ControlRig_RoundedSquare_1mm.uasset" 241
"../../../Engine/Plugins/Animation/ControlRig/Content/Controls/ControlRig_RoundedSquare_1mm.uexp" 242
"../../../Engine/Plugins/Animation/ControlRig/Content/Controls/ControlRig_QuarterCircle_solid.ubulk" 243
"../../../Engine/Plugins/Animation/ControlRig/Content/Controls/ControlRig_QuarterCircle_solid.uasset" 244
"../../../Engine/Plugins/Animation/ControlRig/Content/Controls/ControlRig_QuarterCircle_solid.uexp" 245
"../../../Engine/Plugins/Animation/ControlRig/Content/Controls/ControlRig_QuarterCircle_3mm.ubulk" 246
"../../../Engine/Plugins/Animation/ControlRig/Content/Controls/ControlRig_QuarterCircle_3mm.uasset" 247
"../../../Engine/Plugins/Animation/ControlRig/Content/Controls/ControlRig_QuarterCircle_3mm.uexp" 248
"../../../Engine/Plugins/Animation/ControlRig/Content/Controls/ControlRig_QuarterCircle_1mm.ubulk" 249
"../../../Engine/Plugins/Animation/ControlRig/Content/Controls/ControlRig_QuarterCircle_1mm.uasset" 250
"../../../Engine/Plugins/Animation/ControlRig/Content/Controls/ControlRig_QuarterCircle_1mm.uexp" 251
"../../../Engine/Plugins/Animation/ControlRig/Content/Controls/ControlRig_Pyramid_solid.ubulk" 252
"../../../Engine/Plugins/Animation/ControlRig/Content/Controls/ControlRig_Pyramid_solid.uasset" 253
"../../../Engine/Plugins/Animation/ControlRig/Content/Controls/ControlRig_Pyramid_solid.uexp" 254
"B:/KartRacer/KartRacer/Content/Assets/Models/Karts/body_dummy_spm.ubulk" 255
"B:/KartRacer/KartRacer/Content/Assets/Models/Karts/body_dummy_spm.uasset" 256
"B:/KartRacer/KartRacer/Content/Assets/Models/Karts/body_dummy_spm.uexp" 257
"B:/KartRacer/KartRacer/Content/Assets/Models/Karts/bodyk_std_emm_1.ubulk" 258
"B:/KartRacer/KartRacer/Content/Assets/Models/Karts/bodyk_std_emm_1.uasset" 259
"B:/KartRacer/KartRacer/Content/Assets/Models/Karts/bodyk_std_emm_1.uexp" 260
"B:/KartRacer/KartRacer/Content/Assets/Models/Karts/TEX_Body_Dummy_Alb.ubulk" 261
"B:/KartRacer/KartRacer/Content/Assets/Models/Karts/TEX_Body_Dummy_Alb.uasset" 262
"B:/KartRacer/KartRacer/Content/Assets/Models/Karts/TEX_Body_Dummy_Alb.uexp" 263
"B:/KartRacer/KartRacer/Content/Assets/Models/Karts/bodyk_std_nrm.ubulk" 264
"B:/KartRacer/KartRacer/Content/Assets/Models/Karts/bodyk_std_nrm.uasset" 265
"B:/KartRacer/KartRacer/Content/Assets/Models/Karts/bodyk_std_nrm.uexp" 266
"B:/KartRacer/KartRacer/Content/Assets/Models/Karts/Materials/m_Body.uasset" 267
"B:/KartRacer/KartRacer/Content/Assets/Models/Karts/Materials/m_Body.uexp" 268
"B:/KartRacer/KartRacer/Content/Assets/Models/Karts/Materials/MI_Kart_1.uasset" 269
"B:/KartRacer/KartRacer/Content/Assets/Models/Karts/Materials/MI_Kart_1.uexp" 270
"B:/KartRacer/KartRacer/Content/Assets/Models/Karts/bodyk_std_ysi00_alb.ubulk" 271
"B:/KartRacer/KartRacer/Content/Assets/Models/Karts/bodyk_std_ysi00_alb.uasset" 272
"B:/KartRacer/KartRacer/Content/Assets/Models/Karts/bodyk_std_ysi00_alb.uexp" 273
"B:/KartRacer/KartRacer/Content/Assets/Models/Karts/Materials/MI_Kart_2.uasset" 274
"B:/KartRacer/KartRacer/Content/Assets/Models/Karts/Materials/MI_Kart_2.uexp" 275
"B:/KartRacer/KartRacer/Content/Assets/Models/Karts/bodyk_std_pchg_alb.ubulk" 276
"B:/KartRacer/KartRacer/Content/Assets/Models/Karts/bodyk_std_pchg_alb.uasset" 277
"B:/KartRacer/KartRacer/Content/Assets/Models/Karts/bodyk_std_pchg_alb.uexp" 278
"B:/KartRacer/KartRacer/Content/Assets/Models/Karts/Materials/MI_Kart_3.uasset" 279
"B:/KartRacer/KartRacer/Content/Assets/Models/Karts/Materials/MI_Kart_3.uexp" 280
"B:/KartRacer/KartRacer/Content/Input/Kart/IA_KartTurn.uasset" 281
"B:/KartRacer/KartRacer/Content/Input/Kart/IA_KartTurn.uexp" 282
"B:/KartRacer/KartRacer/Content/Input/Kart/IA_KartForward.uasset" 283
"B:/KartRacer/KartRacer/Content/Input/Kart/IA_KartForward.uexp" 284
"B:/KartRacer/KartRacer/Content/Input/Kart/IA_LeaveSession.uasset" 285
"B:/KartRacer/KartRacer/Content/Input/Kart/IA_LeaveSession.uexp" 286
"B:/KartRacer/KartRacer/Content/Blueprints/Interfaces/BPI_AddCoins.uasset" 287
"B:/KartRacer/KartRacer/Content/Blueprints/Interfaces/BPI_AddCoins.uexp" 288
"B:/KartRacer/KartRacer/Content/Blueprints/Components/BP_SuspensionComponent.uasset" 289
"B:/KartRacer/KartRacer/Content/Blueprints/Components/BP_SuspensionComponent.uexp" 290
"B:/KartRacer/KartRacer/Content/Assets/Models/Karts/Kart.ubulk" 291
"B:/KartRacer/KartRacer/Content/Assets/Models/Karts/Kart.uasset" 292
"B:/KartRacer/KartRacer/Content/Assets/Models/Karts/Kart.uexp" 293
"../../../Engine/Content/EditorBlueprintResources/StandardMacros.uasset" 294
"../../../Engine/Content/EditorBlueprintResources/StandardMacros.uexp" 295
"../../../Engine/Content/EditorBlueprintResources/ActorMacros.uasset" 296
"../../../Engine/Content/EditorBlueprintResources/ActorMacros.uexp" 297
"B:/KartRacer/KartRacer/Content/Blueprints/Gamemodes/Core/FPlayerMove.uasset" 298
"B:/KartRacer/KartRacer/Content/Blueprints/Gamemodes/Core/FPlayerMove.uexp" 299
"B:/KartRacer/KartRacer/Content/Blueprints/Components/BP_MovementComponent.uasset" 300
"B:/KartRacer/KartRacer/Content/Blueprints/Components/BP_MovementComponent.uexp" 301
"B:/KartRacer/KartRacer/Content/Blueprints/TrackCheckpoints/ETrackCheckpoint.uasset" 302
"B:/KartRacer/KartRacer/Content/Blueprints/TrackCheckpoints/ETrackCheckpoint.uexp" 303
"B:/KartRacer/KartRacer/Content/Blueprints/TrackCheckpoints/BP_Checkpoint.uasset" 304
"B:/KartRacer/KartRacer/Content/Blueprints/TrackCheckpoints/BP_Checkpoint.uexp" 305
"B:/KartRacer/KartRacer/Content/Blueprints/Gamemodes/Core/FPlayerMoveState.uasset" 306
"B:/KartRacer/KartRacer/Content/Blueprints/Gamemodes/Core/FPlayerMoveState.uexp" 307
"B:/KartRacer/KartRacer/Content/Blueprints/Components/BP_ReplicationComponent.uasset" 308
"B:/KartRacer/KartRacer/Content/Blueprints/Components/BP_ReplicationComponent.uexp" 309
"B:/KartRacer/KartRacer/Content/Blueprints/Gamemodes/Core/BP_Core_Kart.uasset" 310
"B:/KartRacer/KartRacer/Content/Blueprints/Gamemodes/Core/BP_Core_Kart.uexp" 311
"B:/KartRacer/KartRacer/Content/Widgets/RaceUI/WBP_RaceHUD.uasset" 312
"B:/KartRacer/KartRacer/Content/Widgets/RaceUI/WBP_RaceHUD.uexp" 313
"B:/KartRacer/KartRacer/Content/Input/Kart/IA_Ctrl.uasset" 314
"B:/KartRacer/KartRacer/Content/Input/Kart/IA_Ctrl.uexp" 315
"B:/KartRacer/KartRacer/Content/Input/Kart/IMC_Kart.uasset" 316
"B:/KartRacer/KartRacer/Content/Input/Kart/IMC_Kart.uexp" 317
"B:/KartRacer/KartRacer/Content/Blueprints/Gamemodes/Core/BP_PC_Core.uasset" 318
"B:/KartRacer/KartRacer/Content/Blueprints/Gamemodes/Core/BP_PC_Core.uexp" 319
"B:/KartRacer/KartRacer/Content/Blueprints/Gamemodes/Core/BP_GM_Core.uasset" 320
"B:/KartRacer/KartRacer/Content/Blueprints/Gamemodes/Core/BP_GM_Core.uexp" 321
"../../../Engine/Plugins/Runtime/MeshModelingToolset/Content/Materials/M_DynamicMeshComponentVtxColor.uasset" 322
"../../../Engine/Plugins/Runtime/MeshModelingToolset/Content/Materials/M_DynamicMeshComponentVtxColor.uexp" 323
"../../../Engine/Plugins/Interchange/Runtime/Content/Pipelines/DefaultTexturePipeline.uasset" 324
"../../../Engine/Plugins/Interchange/Runtime/Content/Pipelines/DefaultTexturePipeline.uexp" 325
"../../../Engine/Plugins/Interchange/Runtime/Content/Pipelines/DefaultSceneLevelPipeline.uasset" 326
"../../../Engine/Plugins/Interchange/Runtime/Content/Pipelines/DefaultSceneLevelPipeline.uexp" 327
"../../../Engine/Plugins/Interchange/Runtime/Content/Pipelines/DefaultSceneAssetsPipeline.uasset" 328
"../../../Engine/Plugins/Interchange/Runtime/Content/Pipelines/DefaultSceneAssetsPipeline.uexp" 329
"../../../Engine/Plugins/Interchange/Runtime/Content/Pipelines/DefaultMaterialPipeline.uasset" 330
"../../../Engine/Plugins/Interchange/Runtime/Content/Pipelines/DefaultMaterialPipeline.uexp" 331
"../../../Engine/Plugins/Interchange/Runtime/Content/Pipelines/DefaultAssetsPipeline.uasset" 332
"../../../Engine/Plugins/Interchange/Runtime/Content/Pipelines/DefaultAssetsPipeline.uexp" 333
"../../../Engine/Plugins/Editor/SpeedTreeImporter/Content/SpeedTree9/game_wind_noise.ubulk" 334
"../../../Engine/Plugins/Editor/SpeedTreeImporter/Content/SpeedTree9/game_wind_noise.uasset" 335
"../../../Engine/Plugins/Editor/SpeedTreeImporter/Content/SpeedTree9/game_wind_noise.uexp" 336
"../../../Engine/Plugins/Editor/SpeedTreeImporter/Content/SpeedTree9/UnpackDirection.uasset" 337
"../../../Engine/Plugins/Editor/SpeedTreeImporter/Content/SpeedTree9/UnpackDirection.uexp" 338
"../../../Engine/Content/Functions/Engine_MaterialFunctions02/ObjectLocalBounds.uasset" 339
"../../../Engine/Content/Functions/Engine_MaterialFunctions02/ObjectLocalBounds.uexp" 340
"../../../Engine/Content/Functions/Engine_MaterialFunctions02/Utility/BreakOutFloat3Components.uasset" 341
"../../../Engine/Content/Functions/Engine_MaterialFunctions02/Utility/BreakOutFloat3Components.uexp" 342
"../../../Engine/Content/Functions/Engine_MaterialFunctions02/UVs/BoundingBoxBased_0-1_UVW.uasset" 343
"../../../Engine/Content/Functions/Engine_MaterialFunctions02/UVs/BoundingBoxBased_0-1_UVW.uexp" 344
"../../../Engine/Content/Functions/Engine_MaterialFunctions02/Utility/VectorLength.uasset" 345
"../../../Engine/Content/Functions/Engine_MaterialFunctions02/Utility/VectorLength.uexp" 346
"../../../Engine/Plugins/Editor/SpeedTreeImporter/Content/SpeedTree9/UnpackInteger3.uasset" 347
"../../../Engine/Plugins/Editor/SpeedTreeImporter/Content/SpeedTree9/UnpackInteger3.uexp" 348
"../../../Engine/Plugins/Editor/SpeedTreeImporter/Content/SpeedTree9/SpeedTreeCameraFacing.uasset" 349
"../../../Engine/Plugins/Editor/SpeedTreeImporter/Content/SpeedTree9/SpeedTreeCameraFacing.uexp" 350
"../../../Engine/Content/Functions/Engine_MaterialFunctions02/WorldPositionOffset/ObjectScale.uasset" 351
"../../../Engine/Content/Functions/Engine_MaterialFunctions02/WorldPositionOffset/ObjectScale.uexp" 352
"../../../Engine/Content/Functions/Engine_MaterialFunctions02/SafeNormalize.uasset" 353
"../../../Engine/Content/Functions/Engine_MaterialFunctions02/SafeNormalize.uexp" 354
"../../../Engine/Plugins/Editor/SpeedTreeImporter/Content/SpeedTree9/SpeedTreeWindMotion.uasset" 355
"../../../Engine/Plugins/Editor/SpeedTreeImporter/Content/SpeedTree9/SpeedTreeWindMotion.uexp" 356
"../../../Engine/Plugins/Editor/SpeedTreeImporter/Content/SpeedTree9/SpeedTreeBranchMotion.uasset" 357
"../../../Engine/Plugins/Editor/SpeedTreeImporter/Content/SpeedTree9/SpeedTreeBranchMotion.uexp" 358
"../../../Engine/Plugins/Editor/SpeedTreeImporter/Content/SpeedTree9/SpeedTreeWind.uasset" 359
"../../../Engine/Plugins/Editor/SpeedTreeImporter/Content/SpeedTree9/SpeedTreeWind.uexp" 360
"../../../Engine/Plugins/Editor/SpeedTreeImporter/Content/SpeedTree9/EmptyNormal.uasset" 361
"../../../Engine/Plugins/Editor/SpeedTreeImporter/Content/SpeedTree9/EmptyNormal.uexp" 362
"../../../Engine/Plugins/Editor/SpeedTreeImporter/Content/SpeedTree9/Empty.uasset" 363
"../../../Engine/Plugins/Editor/SpeedTreeImporter/Content/SpeedTree9/Empty.uexp" 364
"../../../Engine/Plugins/Editor/SpeedTreeImporter/Content/SpeedTree9/SpeedTreeMaster.uasset" 365
"../../../Engine/Plugins/Editor/SpeedTreeImporter/Content/SpeedTree9/SpeedTreeMaster.uexp" 366
"../../../Engine/Plugins/Editor/SpeedTreeImporter/Content/SpeedTree9/SpeedTreeBillboard.uasset" 367
"../../../Engine/Plugins/Editor/SpeedTreeImporter/Content/SpeedTree9/SpeedTreeBillboard.uexp" 368
"../../../Engine/Plugins/Editor/SpeedTreeImporter/Content/SpeedTree9/SpeedTreeBillboardMaster.uasset" 369
"../../../Engine/Plugins/Editor/SpeedTreeImporter/Content/SpeedTree9/SpeedTreeBillboardMaster.uexp" 370
"../../../Engine/Plugins/Animation/ControlRig/Content/Controls/ControlRig_Pyramid_3mm.ubulk" 371
"../../../Engine/Plugins/Animation/ControlRig/Content/Controls/ControlRig_Pyramid_3mm.uasset" 372
"../../../Engine/Plugins/Animation/ControlRig/Content/Controls/ControlRig_Pyramid_3mm.uexp" 373
"../../../Engine/Plugins/Animation/ControlRig/Content/Controls/ControlRig_Pyramid_1mm.ubulk" 374
"../../../Engine/Plugins/Animation/ControlRig/Content/Controls/ControlRig_Pyramid_1mm.uasset" 375
"../../../Engine/Plugins/Animation/ControlRig/Content/Controls/ControlRig_Pyramid_1mm.uexp" 376
"../../../Engine/Plugins/Animation/ControlRig/Content/Controls/ControlRig_Octagon_solid.ubulk" 377
"../../../Engine/Plugins/Animation/ControlRig/Content/Controls/ControlRig_Octagon_solid.uasset" 378
"../../../Engine/Plugins/Animation/ControlRig/Content/Controls/ControlRig_Octagon_solid.uexp" 379
"../../../Engine/Plugins/Animation/ControlRig/Content/Controls/ControlRig_Octagon_3mm.ubulk" 380
"../../../Engine/Plugins/Animation/ControlRig/Content/Controls/ControlRig_Octagon_3mm.uasset" 381
"../../../Engine/Plugins/Animation/ControlRig/Content/Controls/ControlRig_Octagon_3mm.uexp" 382
"../../../Engine/Plugins/Animation/ControlRig/Content/Controls/ControlRig_Octagon_1mm.ubulk" 383
"../../../Engine/Plugins/Animation/ControlRig/Content/Controls/ControlRig_Octagon_1mm.uasset" 384
"../../../Engine/Plugins/Animation/ControlRig/Content/Controls/ControlRig_Octagon_1mm.uexp" 385
"../../../Engine/Plugins/Animation/ControlRig/Content/Controls/ControlRig_Hexagon_solid.ubulk" 386
"../../../Engine/Plugins/Animation/ControlRig/Content/Controls/ControlRig_Hexagon_solid.uasset" 387
"../../../Engine/Plugins/Animation/ControlRig/Content/Controls/ControlRig_Hexagon_solid.uexp" 388
"../../../Engine/Plugins/Animation/ControlRig/Content/Controls/ControlRig_Hexagon_3mm.ubulk" 389
"../../../Engine/Plugins/Animation/ControlRig/Content/Controls/ControlRig_Hexagon_3mm.uasset" 390
"../../../Engine/Plugins/Animation/ControlRig/Content/Controls/ControlRig_Hexagon_3mm.uexp" 391
"../../../Engine/Plugins/Animation/ControlRig/Content/Controls/ControlRig_Hexagon_1mm.ubulk" 392
"../../../Engine/Plugins/Animation/ControlRig/Content/Controls/ControlRig_Hexagon_1mm.uasset" 393
"../../../Engine/Plugins/Animation/ControlRig/Content/Controls/ControlRig_Hexagon_1mm.uexp" 394
"../../../Engine/Plugins/Animation/ControlRig/Content/Controls/ControlRig_HalfCircle_solid.ubulk" 395
"../../../Engine/Plugins/Animation/ControlRig/Content/Controls/ControlRig_HalfCircle_solid.uasset" 396
"../../../Engine/Plugins/Animation/ControlRig/Content/Controls/ControlRig_HalfCircle_solid.uexp" 397
"../../../Engine/Plugins/Animation/ControlRig/Content/Controls/ControlRig_HalfCircle_3mm.ubulk" 398
"../../../Engine/Plugins/Animation/ControlRig/Content/Controls/ControlRig_HalfCircle_3mm.uasset" 399
"../../../Engine/Plugins/Animation/ControlRig/Content/Controls/ControlRig_HalfCircle_3mm.uexp" 400
"../../../Engine/Plugins/Animation/ControlRig/Content/Controls/ControlRig_HalfCircle_1mm.ubulk" 401
"../../../Engine/Plugins/Animation/ControlRig/Content/Controls/ControlRig_HalfCircle_1mm.uasset" 402
"../../../Engine/Plugins/Animation/ControlRig/Content/Controls/ControlRig_HalfCircle_1mm.uexp" 403
"../../../Engine/Plugins/Animation/ControlRig/Content/Controls/ControlRig_Diamond_solid.ubulk" 404
"../../../Engine/Plugins/Animation/ControlRig/Content/Controls/ControlRig_Diamond_solid.uasset" 405
"../../../Engine/Plugins/Animation/ControlRig/Content/Controls/ControlRig_Diamond_solid.uexp" 406
"../../../Engine/Plugins/Animation/ControlRig/Content/Controls/ControlRig_Diamond_3mm.ubulk" 407
"../../../Engine/Plugins/Animation/ControlRig/Content/Controls/ControlRig_Diamond_3mm.uasset" 408
"../../../Engine/Plugins/Animation/ControlRig/Content/Controls/ControlRig_Diamond_3mm.uexp" 409
"../../../Engine/Plugins/Animation/ControlRig/Content/Controls/ControlRig_Diamond_1mm.ubulk" 410
"../../../Engine/Plugins/Animation/ControlRig/Content/Controls/ControlRig_Diamond_1mm.uasset" 411
"../../../Engine/Plugins/Animation/ControlRig/Content/Controls/ControlRig_Diamond_1mm.uexp" 412
"../../../Engine/Plugins/Animation/ControlRig/Content/Controls/ControlRig_Circle_solid.ubulk" 413
"../../../Engine/Plugins/Animation/ControlRig/Content/Controls/ControlRig_Circle_solid.uasset" 414
"../../../Engine/Plugins/Animation/ControlRig/Content/Controls/ControlRig_Circle_solid.uexp" 415
"../../../Engine/Plugins/Animation/ControlRig/Content/Controls/ControlRig_Circle_3mm.ubulk" 416
"../../../Engine/Plugins/Animation/ControlRig/Content/Controls/ControlRig_Circle_3mm.uasset" 417
"../../../Engine/Plugins/Animation/ControlRig/Content/Controls/ControlRig_Circle_3mm.uexp" 418
"../../../Engine/Plugins/Animation/ControlRig/Content/Controls/ControlRig_Circle_1mm.ubulk" 419
"../../../Engine/Plugins/Animation/ControlRig/Content/Controls/ControlRig_Circle_1mm.uasset" 420
"../../../Engine/Plugins/Animation/ControlRig/Content/Controls/ControlRig_Circle_1mm.uexp" 421
"../../../Engine/Plugins/Animation/ControlRig/Content/Controls/ControlRig_Box_solid.ubulk" 422
"../../../Engine/Plugins/Animation/ControlRig/Content/Controls/ControlRig_Box_solid.uasset" 423
"../../../Engine/Plugins/Animation/ControlRig/Content/Controls/ControlRig_Box_solid.uexp" 424
"../../../Engine/Plugins/Animation/ControlRig/Content/Controls/ControlRig_Box_3mm.ubulk" 425
"../../../Engine/Plugins/Animation/ControlRig/Content/Controls/ControlRig_Box_3mm.uasset" 426
"../../../Engine/Plugins/Animation/ControlRig/Content/Controls/ControlRig_Box_3mm.uexp" 427
"../../../Engine/Plugins/Animation/ControlRig/Content/Controls/ControlRig_Box_1mm.ubulk" 428
"../../../Engine/Plugins/Animation/ControlRig/Content/Controls/ControlRig_Box_1mm.uasset" 429
"../../../Engine/Plugins/Animation/ControlRig/Content/Controls/ControlRig_Box_1mm.uexp" 430
"../../../Engine/Plugins/Animation/ControlRig/Content/Controls/ControlRig_Arrow_solid.ubulk" 431
"../../../Engine/Plugins/Animation/ControlRig/Content/Controls/ControlRig_Arrow_solid.uasset" 432
"../../../Engine/Plugins/Animation/ControlRig/Content/Controls/ControlRig_Arrow_solid.uexp" 433
"../../../Engine/Plugins/Animation/ControlRig/Content/Controls/ControlRig_Arrow_3mm.ubulk" 434
"../../../Engine/Plugins/Animation/ControlRig/Content/Controls/ControlRig_Arrow_3mm.uasset" 435
"../../../Engine/Plugins/Animation/ControlRig/Content/Controls/ControlRig_Arrow_3mm.uexp" 436
"../../../Engine/Plugins/Animation/ControlRig/Content/Controls/ControlRig_Arrow_1mm.ubulk" 437
"../../../Engine/Plugins/Animation/ControlRig/Content/Controls/ControlRig_Arrow_1mm.uasset" 438
"../../../Engine/Plugins/Animation/ControlRig/Content/Controls/ControlRig_Arrow_1mm.uexp" 439
"../../../Engine/Plugins/Animation/ControlRig/Content/Controls/ControlRig_Arrow4_solid.ubulk" 440
"../../../Engine/Plugins/Animation/ControlRig/Content/Controls/ControlRig_Arrow4_solid.uasset" 441
"../../../Engine/Plugins/Animation/ControlRig/Content/Controls/ControlRig_Arrow4_solid.uexp" 442
"../../../Engine/Plugins/Animation/ControlRig/Content/Controls/ControlRig_Arrow4_3mm.ubulk" 443
"../../../Engine/Plugins/Animation/ControlRig/Content/Controls/ControlRig_Arrow4_3mm.uasset" 444
"../../../Engine/Plugins/Animation/ControlRig/Content/Controls/ControlRig_Arrow4_3mm.uexp" 445
"../../../Engine/Plugins/Animation/ControlRig/Content/Controls/ControlRig_Arrow4_1mm.ubulk" 446
"../../../Engine/Plugins/Animation/ControlRig/Content/Controls/ControlRig_Arrow4_1mm.uasset" 447
"../../../Engine/Plugins/Animation/ControlRig/Content/Controls/ControlRig_Arrow4_1mm.uexp" 448
"../../../Engine/Plugins/Animation/ControlRig/Content/Controls/ControlRig_Arrow2_solid.ubulk" 449
"../../../Engine/Plugins/Animation/ControlRig/Content/Controls/ControlRig_Arrow2_solid.uasset" 450
"../../../Engine/Plugins/Animation/ControlRig/Content/Controls/ControlRig_Arrow2_solid.uexp" 451
"../../../Engine/Plugins/Animation/ControlRig/Content/Controls/ControlRig_Arrow2_3mm.ubulk" 452
"../../../Engine/Plugins/Animation/ControlRig/Content/Controls/ControlRig_Arrow2_3mm.uasset" 453
"../../../Engine/Plugins/Animation/ControlRig/Content/Controls/ControlRig_Arrow2_3mm.uexp" 454
"../../../Engine/Plugins/Animation/ControlRig/Content/Controls/ControlRig_Arrow2_1mm.ubulk" 455
"../../../Engine/Plugins/Animation/ControlRig/Content/Controls/ControlRig_Arrow2_1mm.uasset" 456
"../../../Engine/Plugins/Animation/ControlRig/Content/Controls/ControlRig_Arrow2_1mm.uexp" 457
"../../../Engine/Plugins/Animation/ControlRig/Content/Controls/ControlRigXRayMaterial.uasset" 458
"../../../Engine/Plugins/Animation/ControlRig/Content/Controls/ControlRigXRayMaterial.uexp" 459
"../../../Engine/Plugins/Animation/ControlRig/Content/Controls/ControlRigGizmoMaterial.uasset" 460
"../../../Engine/Plugins/Animation/ControlRig/Content/Controls/ControlRigGizmoMaterial.uexp" 461
"../../../Engine/Content/EngineSounds/Master.uasset" 462
"../../../Engine/Content/EngineSounds/Master.uexp" 463
"../../../Engine/Content/EngineMaterials/STBlueNoise_vec2_128x128x64.uasset" 464
"../../../Engine/Content/EngineMaterials/STBlueNoise_vec2_128x128x64.uexp" 465
"../../../Engine/Content/EngineMaterials/STBlueNoise_scalar_128x128x64.uasset" 466
"../../../Engine/Content/EngineMaterials/STBlueNoise_scalar_128x128x64.uexp" 467
"../../../Engine/Content/EngineMaterials/RemoveSurfaceMaterial.uasset" 468
"../../../Engine/Content/EngineMaterials/RemoveSurfaceMaterial.uexp" 469
"../../../Engine/Content/EngineMaterials/DefaultCalibrationGrayscale.uasset" 470
"../../../Engine/Content/EngineMaterials/DefaultCalibrationGrayscale.uexp" 471
"../../../Engine/Content/EngineMaterials/PPM_DefaultCalibrationGrayscale.uasset" 472
"../../../Engine/Content/EngineMaterials/PPM_DefaultCalibrationGrayscale.uexp" 473
"../../../Engine/Content/EngineMaterials/DefaultCalibrationColor.uasset" 474
"../../../Engine/Content/EngineMaterials/DefaultCalibrationColor.uexp" 475
"../../../Engine/Content/EngineMaterials/PPM_DefaultCalibrationColor.uasset" 476
"../../../Engine/Content/EngineMaterials/PPM_DefaultCalibrationColor.uexp" 477
"../../../Engine/Content/EngineMaterials/PhAT_JointLimitMaterial.uasset" 478
"../../../Engine/Content/EngineMaterials/PhAT_JointLimitMaterial.uexp" 479
"../../../Engine/Content/EngineMaterials/NaniteHiddenSectionMaterial.uasset" 480
"../../../Engine/Content/EngineMaterials/NaniteHiddenSectionMaterial.uexp" 481
"../../../Engine/Content/EngineMaterials/InvalidLightmapSettings.ubulk" 482
"../../../Engine/Content/EngineMaterials/InvalidLightmapSettings.uasset" 483
"../../../Engine/Content/EngineMaterials/InvalidLightmapSettings.uexp" 484
"../../../Engine/Content/EngineMaterials/M_InvalidLightmapSettings.uasset" 485
"../../../Engine/Content/EngineMaterials/M_InvalidLightmapSettings.uexp" 486
"../../../Engine/Content/EngineMaterials/GizmoMaterial.uasset" 487
"../../../Engine/Content/EngineMaterials/GizmoMaterial.uexp" 488
"../../../Engine/Content/EngineMaterials/BaseFlattenEmissiveMap_VT.uasset" 489
"../../../Engine/Content/EngineMaterials/BaseFlattenEmissiveMap_VT.uexp" 490
"../../../Engine/Content/EngineMaterials/BaseFlattenGrayscaleMap_VT.uasset" 491
"../../../Engine/Content/EngineMaterials/BaseFlattenGrayscaleMap_VT.uexp" 492
"../../../Engine/Content/EngineMaterials/BaseFlattenLinearColor_VT.uasset" 493
"../../../Engine/Content/EngineMaterials/BaseFlattenLinearColor_VT.uexp" 494
"../../../Engine/Content/EngineMaterials/Black_1x1_EXR_Texture_VT.uasset" 495
"../../../Engine/Content/EngineMaterials/Black_1x1_EXR_Texture_VT.uexp" 496
"../../../Engine/Content/EngineMaterials/BaseFlattenDiffuseMap_VT.uasset" 497
"../../../Engine/Content/EngineMaterials/BaseFlattenDiffuseMap_VT.uexp" 498
"../../../Engine/Content/EngineMaterials/BaseFlattenNormalMap_VT.uasset" 499
"../../../Engine/Content/EngineMaterials/BaseFlattenNormalMap_VT.uexp" 500
"../../../Engine/Content/EngineMaterials/FlattenMaterial_WS_Normal_VT.uasset" 501
"../../../Engine/Content/EngineMaterials/FlattenMaterial_WS_Normal_VT.uexp" 502
"../../../Engine/Content/EngineMaterials/FlattenMaterial_VT.uasset" 503
"../../../Engine/Content/EngineMaterials/FlattenMaterial_VT.uexp" 504
"../../../Engine/Content/EngineMaterials/BaseFlattenNormalMap.uasset" 505
"../../../Engine/Content/EngineMaterials/BaseFlattenNormalMap.uexp" 506
"../../../Engine/Content/EngineMaterials/BaseFlattenGrayscaleMap.uasset" 507
"../../../Engine/Content/EngineMaterials/BaseFlattenGrayscaleMap.uexp" 508
"../../../Engine/Content/EngineMaterials/BaseFlattenDiffuseMap.uasset" 509
"../../../Engine/Content/EngineMaterials/BaseFlattenDiffuseMap.uexp" 510
"../../../Engine/Content/Functions/Engine_MaterialFunctions02/PivotPainter2/Black_1x1_EXR_Texture.uasset" 511
"../../../Engine/Content/Functions/Engine_MaterialFunctions02/PivotPainter2/Black_1x1_EXR_Texture.uexp" 512
"../../../Engine/Content/EngineMaterials/BaseFlattenEmissiveMap.uasset" 513
"../../../Engine/Content/EngineMaterials/BaseFlattenEmissiveMap.uexp" 514
"../../../Engine/Content/EngineMaterials/BaseFlattenLinearColor.uasset" 515
"../../../Engine/Content/EngineMaterials/BaseFlattenLinearColor.uexp" 516
"../../../Engine/Content/EngineMaterials/FlattenMaterial.uasset" 517
"../../../Engine/Content/EngineMaterials/FlattenMaterial.uexp" 518
"../../../Engine/Content/EngineMaterials/DefaultWhiteGrid_Low.uasset" 519
"../../../Engine/Content/EngineMaterials/DefaultWhiteGrid_Low.uexp" 520
"../../../Engine/Content/EngineMaterials/EmissiveMeshMaterial.uasset" 521
"../../../Engine/Content/EngineMaterials/EmissiveMeshMaterial.uexp" 522
"../../../Engine/Content/EngineFonts/RobotoDistanceField.uasset" 523
"../../../Engine/Content/EngineFonts/RobotoDistanceField.uexp" 524
"../../../Engine/Content/EngineMaterials/DefaultTextMaterialOpaque.uasset" 525
"../../../Engine/Content/EngineMaterials/DefaultTextMaterialOpaque.uexp" 526
"../../../Engine/Content/EngineMaterials/DefaultDiffuse.ubulk" 527
"../../../Engine/Content/EngineMaterials/DefaultDiffuse.uasset" 528
"../../../Engine/Content/EngineMaterials/DefaultDiffuse.uexp" 529
"../../../Engine/Content/Functions/Engine_MaterialFunctions02/Utility/BreakOutFloat2Components.uasset" 530
"../../../Engine/Content/Functions/Engine_MaterialFunctions02/Utility/BreakOutFloat2Components.uexp" 531
"../../../Engine/Content/EngineMaterials/DefaultPostProcessMaterial.uasset" 532
"../../../Engine/Content/EngineMaterials/DefaultPostProcessMaterial.uexp" 533
"../../../Engine/Content/EngineMaterials/DefaultPhysicalMaterial.uasset" 534
"../../../Engine/Content/EngineMaterials/DefaultPhysicalMaterial.uexp" 535
"../../../Engine/Content/EngineMaterials/DefaultLightFunctionMaterial.uasset" 536
"../../../Engine/Content/EngineMaterials/DefaultLightFunctionMaterial.uexp" 537
"../../../Engine/Content/EngineMaterials/DefaultDestructiblePhysicalMaterial.uasset" 538
"../../../Engine/Content/EngineMaterials/DefaultDestructiblePhysicalMaterial.uexp" 539
"../../../Engine/Content/EngineMaterials/DefaultDeferredDecalMaterial.uasset" 540
"../../../Engine/Content/EngineMaterials/DefaultDeferredDecalMaterial.uexp" 541
"../../../Engine/Content/EngineMaterials/DefaultBloomKernel.uasset" 542
"../../../Engine/Content/EngineMaterials/DefaultBloomKernel.uexp" 543
"../../../Engine/Content/EngineFonts/Faces/RobotoLight.uexp" 544
"../../../Engine/Content/EngineFonts/Faces/RobotoLight.uasset" 545
"../../../Engine/Content/EngineFonts/Faces/RobotoLight.ufont" 546
"../../../Engine/Content/EngineFonts/Faces/RobotoBold.uexp" 547
"../../../Engine/Content/EngineFonts/Faces/RobotoBold.uasset" 548
"../../../Engine/Content/EngineFonts/Faces/RobotoBold.ufont" 549
"../../../Engine/Content/EngineFonts/Faces/RobotoRegular.uexp" 550
"../../../Engine/Content/EngineFonts/Faces/RobotoRegular.uasset" 551
"../../../Engine/Content/EngineFonts/Faces/RobotoRegular.ufont" 552
"../../../Engine/Content/EngineFonts/Faces/DroidSansFallback.uexp" 553
"../../../Engine/Content/EngineFonts/Faces/DroidSansFallback.uasset" 554
"../../../Engine/Content/EngineFonts/Faces/DroidSansFallback.ufont" 555
"../../../Engine/Content/EngineFonts/Faces/RobotoItalic.uexp" 556
"../../../Engine/Content/EngineFonts/Faces/RobotoItalic.uasset" 557
"../../../Engine/Content/EngineFonts/Faces/RobotoItalic.ufont" 558
"../../../Engine/Content/EngineFonts/Faces/RobotoBoldItalic.uexp" 559
"../../../Engine/Content/EngineFonts/Faces/RobotoBoldItalic.uasset" 560
"../../../Engine/Content/EngineFonts/Faces/RobotoBoldItalic.ufont" 561
"../../../Engine/Content/EngineFonts/Roboto.uasset" 562
"../../../Engine/Content/EngineFonts/Roboto.uexp" 563
"../../../Engine/Content/Functions/Engine_MaterialFunctions02/Utility/CameraDirectionVector.uasset" 564
"../../../Engine/Content/Functions/Engine_MaterialFunctions02/Utility/CameraDirectionVector.uexp" 565
"../../../Engine/Content/EngineDebugMaterials/VolumeToRender.uasset" 566
"../../../Engine/Content/EngineDebugMaterials/VolumeToRender.uexp" 567
"../../../Engine/Content/EngineDebugMaterials/M_VolumeRenderSphereTracePP.uasset" 568
"../../../Engine/Content/EngineDebugMaterials/M_VolumeRenderSphereTracePP.uexp" 569
"../../../Engine/Content/EngineDebugMaterials/M_SimpleUnlitTranslucent.uasset" 570
"../../../Engine/Content/EngineDebugMaterials/M_SimpleUnlitTranslucent.uexp" 571
"../../../Engine/Content/EngineDebugMaterials/DebugMeshMaterial.uasset" 572
"../../../Engine/Content/EngineDebugMaterials/DebugMeshMaterial.uexp" 573
"../../../Engine/Content/EngineDebugMaterials/DebugEditorMaterial.uasset" 574
"../../../Engine/Content/EngineDebugMaterials/DebugEditorMaterial.uexp" 575
"../../../Engine/Content/EngineDamageTypes/DmgTypeBP_Environmental.uasset" 576
"../../../Engine/Content/EngineDamageTypes/DmgTypeBP_Environmental.uexp" 577
"../../../Engine/Content/EditorResources/EmptyActor.uasset" 578
"../../../Engine/Content/EditorResources/EmptyActor.uexp" 579
"../../../Engine/Content/EditorResources/BSPVertex.uasset" 580
"../../../Engine/Content/EditorResources/BSPVertex.uexp" 581
"../../../Engine/Content/EditorMaterials/PreviewShadowIndicator.ubulk" 582
"../../../Engine/Content/EditorMaterials/PreviewShadowIndicator.uasset" 583
"../../../Engine/Content/EditorMaterials/PreviewShadowIndicator.uexp" 584
"../../../Engine/Content/EditorMaterials/PreviewShadowIndicatorMaterial.uasset" 585
"../../../Engine/Content/EditorMaterials/PreviewShadowIndicatorMaterial.uexp" 586
"../../../Engine/Content/EditorMaterials/PhAT_UnselectedMaterial.uasset" 587
"../../../Engine/Content/EditorMaterials/PhAT_UnselectedMaterial.uexp" 588
"../../../Engine/Content/EditorMaterials/PhAT_NoCollisionMaterial.uasset" 589
"../../../Engine/Content/EditorMaterials/PhAT_NoCollisionMaterial.uexp" 590
"../../../Engine/Content/EditorLandscapeResources/DefaultAlphaTexture.uasset" 591
"../../../Engine/Content/EditorLandscapeResources/DefaultAlphaTexture.uexp" 592
"../../../Engine/Content/EditorLandscapeResources/DataLayer.uasset" 593
"../../../Engine/Content/EditorLandscapeResources/DataLayer.uexp" 594
"../../../Engine/Content/BasicShapes/Cone.ubulk" 595
"../../../Engine/Content/BasicShapes/Cone.uasset" 596
"../../../Engine/Content/BasicShapes/Cone.uexp" 597
"../../../Engine/Content/OpenWorldTemplate/HLOD/HLOD0_Instancing.uasset" 598
"../../../Engine/Content/OpenWorldTemplate/HLOD/HLOD0_Instancing.uexp" 599
"../../../Engine/Content/MobileResources/HUD/VirtualJoystick_Background.uasset" 600
"../../../Engine/Content/MobileResources/HUD/VirtualJoystick_Background.uexp" 601
"../../../Engine/Content/MobileResources/HUD/VirtualJoystick_Thumb.uasset" 602
"../../../Engine/Content/MobileResources/HUD/VirtualJoystick_Thumb.uexp" 603
"../../../Engine/Content/MobileResources/HUD/DefaultVirtualJoysticks.uasset" 604
"../../../Engine/Content/MobileResources/HUD/DefaultVirtualJoysticks.uexp" 605
"B:/KartRacer/KartRacer/Content/Blueprints/TrackCheckpoints/BP_OutOfBounds.uasset" 606
"B:/KartRacer/KartRacer/Content/Blueprints/TrackCheckpoints/BP_OutOfBounds.uexp" 607
"B:/KartRacer/KartRacer/Content/Assets/Models/Pickups/ItemCoin_Alb.ubulk" 608
"B:/KartRacer/KartRacer/Content/Assets/Models/Pickups/ItemCoin_Alb.uasset" 609
"B:/KartRacer/KartRacer/Content/Assets/Models/Pickups/ItemCoin_Alb.uexp" 610
"B:/KartRacer/KartRacer/Content/Assets/Models/Pickups/itemcoin_nrm.ubulk" 611
"B:/KartRacer/KartRacer/Content/Assets/Models/Pickups/itemcoin_nrm.uasset" 612
"B:/KartRacer/KartRacer/Content/Assets/Models/Pickups/itemcoin_nrm.uexp" 613
"B:/KartRacer/KartRacer/Content/Assets/Models/Pickups/itemcoin_spm.ubulk" 614
"B:/KartRacer/KartRacer/Content/Assets/Models/Pickups/itemcoin_spm.uasset" 615
"B:/KartRacer/KartRacer/Content/Assets/Models/Pickups/itemcoin_spm.uexp" 616
"B:/KartRacer/KartRacer/Content/Assets/Models/Pickups/m_ItemCoin_004.uasset" 617
"B:/KartRacer/KartRacer/Content/Assets/Models/Pickups/m_ItemCoin_004.uexp" 618
"B:/KartRacer/KartRacer/Content/Assets/Models/Pickups/Coin.ubulk" 619
"B:/KartRacer/KartRacer/Content/Assets/Models/Pickups/Coin.uasset" 620
"B:/KartRacer/KartRacer/Content/Assets/Models/Pickups/Coin.uexp" 621
"B:/KartRacer/KartRacer/Content/Blueprints/Pickups/BP_BasePickup.uasset" 622
"B:/KartRacer/KartRacer/Content/Blueprints/Pickups/BP_BasePickup.uexp" 623
"B:/KartRacer/KartRacer/Content/Blueprints/Spawners/BP_Spawner.uasset" 624
"B:/KartRacer/KartRacer/Content/Blueprints/Spawners/BP_Spawner.uexp" 625
"B:/KartRacer/KartRacer/Content/Blueprints/Pickups/BP_ItemPickup.uasset" 626
"B:/KartRacer/KartRacer/Content/Blueprints/Pickups/BP_ItemPickup.uexp" 627
"B:/KartRacer/KartRacer/Content/Blueprints/Pickups/BP_CoinPickup.uasset" 628
"B:/KartRacer/KartRacer/Content/Blueprints/Pickups/BP_CoinPickup.uexp" 629
"B:/KartRacer/KartRacer/Content/Blueprints/Interfaces/BPI_PickupItemBox.uasset" 630
"B:/KartRacer/KartRacer/Content/Blueprints/Interfaces/BPI_PickupItemBox.uexp" 631
"../../../Engine/Content/EngineSky/VolumetricClouds/CloudWeatherTexture.uasset" 632
"../../../Engine/Content/EngineSky/VolumetricClouds/CloudWeatherTexture.uexp" 633
"../../../Engine/Content/Functions/Engine_MaterialFunctions02/Utility/MakeFloat2.uasset" 634
"../../../Engine/Content/Functions/Engine_MaterialFunctions02/Utility/MakeFloat2.uexp" 635
"../../../Engine/Content/EngineSky/VolumetricClouds/CloudGradientTexture.uasset" 636
"../../../Engine/Content/EngineSky/VolumetricClouds/CloudGradientTexture.uexp" 637
"../../../Engine/Content/EngineSky/VolumetricClouds/T_NoiseShape64.ubulk" 638
"../../../Engine/Content/EngineSky/VolumetricClouds/T_NoiseShape64.uasset" 639
"../../../Engine/Content/EngineSky/VolumetricClouds/T_NoiseShape64.uexp" 640
"../../../Engine/Content/EngineSky/VolumetricClouds/T_VolumeNoiseShape64.uasset" 641
"../../../Engine/Content/EngineSky/VolumetricClouds/T_VolumeNoiseShape64.uexp" 642
"../../../Engine/Content/EngineSky/VolumetricClouds/T_NoiseErosion.ubulk" 643
"../../../Engine/Content/EngineSky/VolumetricClouds/T_NoiseErosion.uasset" 644
"../../../Engine/Content/EngineSky/VolumetricClouds/T_NoiseErosion.uexp" 645
"../../../Engine/Content/EngineSky/VolumetricClouds/T_VolumeNoiseErosion32.uasset" 646
"../../../Engine/Content/EngineSky/VolumetricClouds/T_VolumeNoiseErosion32.uexp" 647
"../../../Engine/Content/EngineSky/VolumetricClouds/m_SimpleVolumetricCloud.uasset" 648
"../../../Engine/Content/EngineSky/VolumetricClouds/m_SimpleVolumetricCloud.uexp" 649
"../../../Engine/Content/EngineSky/VolumetricClouds/m_SimpleVolumetricCloud_Inst.uasset" 650
"../../../Engine/Content/EngineSky/VolumetricClouds/m_SimpleVolumetricCloud_Inst.uexp" 651
"../../../Engine/Content/EngineResources/FilmGrains/Marcie_Grain_v3_128_M2_000.uasset" 652
"../../../Engine/Content/EngineResources/FilmGrains/Marcie_Grain_v3_128_M2_000.uexp" 653
"../../../Engine/Content/EditorResources/SequenceRecorder/RecordingIndicator.uasset" 654
"../../../Engine/Content/EditorResources/SequenceRecorder/RecordingIndicator.uexp" 655
"../../../Engine/Content/EditorResources/SequenceRecorder/Countdown.uasset" 656
"../../../Engine/Content/EditorResources/SequenceRecorder/Countdown.uexp" 657
"B:/KartRacer/KartRacer/Content/Assets/Models/Karts/TEX_emblem_dummy.ubulk" 658
"B:/KartRacer/KartRacer/Content/Assets/Models/Karts/TEX_emblem_dummy.uasset" 659
"B:/KartRacer/KartRacer/Content/Assets/Models/Karts/TEX_emblem_dummy.uexp" 660
"B:/KartRacer/KartRacer/Content/Assets/Models/Karts/emblem_dummy.ubulk" 661
"B:/KartRacer/KartRacer/Content/Assets/Models/Karts/emblem_dummy.uasset" 662
"B:/KartRacer/KartRacer/Content/Assets/Models/Karts/emblem_dummy.uexp" 663
"B:/KartRacer/KartRacer/Content/Assets/Models/Karts/body_dummy_alb.ubulk" 664
"B:/KartRacer/KartRacer/Content/Assets/Models/Karts/body_dummy_alb.uasset" 665
"B:/KartRacer/KartRacer/Content/Assets/Models/Karts/body_dummy_alb.uexp" 666
"B:/KartRacer/KartRacer/Content/Assets/Models/Karts/bodyk_std_wro_alb.ubulk" 667
"B:/KartRacer/KartRacer/Content/Assets/Models/Karts/bodyk_std_wro_alb.uasset" 668
"B:/KartRacer/KartRacer/Content/Assets/Models/Karts/bodyk_std_wro_alb.uexp" 669
"B:/KartRacer/KartRacer/Content/Assets/Models/Karts/bodyk_std_wlg_alb.ubulk" 670
"B:/KartRacer/KartRacer/Content/Assets/Models/Karts/bodyk_std_wlg_alb.uasset" 671
"B:/KartRacer/KartRacer/Content/Assets/Models/Karts/bodyk_std_wlg_alb.uexp" 672
"B:/KartRacer/KartRacer/Content/Assets/Models/Karts/bodyk_std_wdy_alb.ubulk" 673
"B:/KartRacer/KartRacer/Content/Assets/Models/Karts/bodyk_std_wdy_alb.uasset" 674
"B:/KartRacer/KartRacer/Content/Assets/Models/Karts/bodyk_std_wdy_alb.uexp" 675
"B:/KartRacer/KartRacer/Content/Assets/Models/Karts/bodyk_std_rst_alb.ubulk" 676
"B:/KartRacer/KartRacer/Content/Assets/Models/Karts/bodyk_std_rst_alb.uasset" 677
"B:/KartRacer/KartRacer/Content/Assets/Models/Karts/bodyk_std_rst_alb.uexp" 678
"B:/KartRacer/KartRacer/Content/Assets/Models/Karts/bodyk_std_rstb_alb.ubulk" 679
"B:/KartRacer/KartRacer/Content/Assets/Models/Karts/bodyk_std_rstb_alb.uasset" 680
"B:/KartRacer/KartRacer/Content/Assets/Models/Karts/bodyk_std_rstb_alb.uexp" 681
"B:/KartRacer/KartRacer/Content/Assets/Models/Karts/bodyk_std_roy_alb.ubulk" 682
"B:/KartRacer/KartRacer/Content/Assets/Models/Karts/bodyk_std_roy_alb.uasset" 683
"B:/KartRacer/KartRacer/Content/Assets/Models/Karts/bodyk_std_roy_alb.uexp" 684
"B:/KartRacer/KartRacer/Content/Assets/Models/Karts/bodyk_std_pch_alb.ubulk" 685
"B:/KartRacer/KartRacer/Content/Assets/Models/Karts/bodyk_std_pch_alb.uasset" 686
"B:/KartRacer/KartRacer/Content/Assets/Models/Karts/bodyk_std_pch_alb.uexp" 687
"B:/KartRacer/KartRacer/Content/Assets/Models/Karts/bodyk_std_pchg_spm.uasset" 688
"B:/KartRacer/KartRacer/Content/Assets/Models/Karts/bodyk_std_pchg_spm.uexp" 689
"B:/KartRacer/KartRacer/Content/Assets/Models/Karts/bodyk_std_pchb_alb.ubulk" 690
"B:/KartRacer/KartRacer/Content/Assets/Models/Karts/bodyk_std_pchb_alb.uasset" 691
"B:/KartRacer/KartRacer/Content/Assets/Models/Karts/bodyk_std_pchb_alb.uexp" 692
"B:/KartRacer/KartRacer/Content/Assets/Models/Karts/bodyk_std_nok_alb.ubulk" 693
"B:/KartRacer/KartRacer/Content/Assets/Models/Karts/bodyk_std_nok_alb.uasset" 694
"B:/KartRacer/KartRacer/Content/Assets/Models/Karts/bodyk_std_nok_alb.uexp" 695
"B:/KartRacer/KartRacer/Content/Assets/Models/Karts/bodyk_std_mtn_alb.ubulk" 696
"B:/KartRacer/KartRacer/Content/Assets/Models/Karts/bodyk_std_mtn_alb.uasset" 697
"B:/KartRacer/KartRacer/Content/Assets/Models/Karts/bodyk_std_mtn_alb.uexp" 698
"B:/KartRacer/KartRacer/Content/Assets/Models/Karts/bodyk_std_mro_alb.ubulk" 699
"B:/KartRacer/KartRacer/Content/Assets/Models/Karts/bodyk_std_mro_alb.uasset" 700
"B:/KartRacer/KartRacer/Content/Assets/Models/Karts/bodyk_std_mro_alb.uexp" 701
"B:/KartRacer/KartRacer/Content/Assets/Models/Karts/bodyk_std_mrom_spm.uasset" 702
"B:/KartRacer/KartRacer/Content/Assets/Models/Karts/bodyk_std_mrom_spm.uexp" 703
"B:/KartRacer/KartRacer/Content/Assets/Models/Karts/bodyk_std_mrom_alb.ubulk" 704
"B:/KartRacer/KartRacer/Content/Assets/Models/Karts/bodyk_std_mrom_alb.uasset" 705
"B:/KartRacer/KartRacer/Content/Assets/Models/Karts/bodyk_std_mrom_alb.uexp" 706
"B:/KartRacer/KartRacer/Content/Assets/Models/Karts/bodyk_std_mrob_alb.ubulk" 707
"B:/KartRacer/KartRacer/Content/Assets/Models/Karts/bodyk_std_mrob_alb.uasset" 708
"B:/KartRacer/KartRacer/Content/Assets/Models/Karts/bodyk_std_mrob_alb.uexp" 709
"B:/KartRacer/KartRacer/Content/Assets/Models/Karts/bodyk_std_miiw_alb.ubulk" 710
"B:/KartRacer/KartRacer/Content/Assets/Models/Karts/bodyk_std_miiw_alb.uasset" 711
"B:/KartRacer/KartRacer/Content/Assets/Models/Karts/bodyk_std_miiw_alb.uexp" 712
"B:/KartRacer/KartRacer/Content/Assets/Models/Karts/bodyk_std_miim_alb.ubulk" 713
"B:/KartRacer/KartRacer/Content/Assets/Models/Karts/bodyk_std_miim_alb.uasset" 714
"B:/KartRacer/KartRacer/Content/Assets/Models/Karts/bodyk_std_miim_alb.uexp" 715
"B:/KartRacer/KartRacer/Content/Assets/Models/Karts/bodyk_std_mii11_alb.ubulk" 716
"B:/KartRacer/KartRacer/Content/Assets/Models/Karts/bodyk_std_mii11_alb.uasset" 717
"B:/KartRacer/KartRacer/Content/Assets/Models/Karts/bodyk_std_mii11_alb.uexp" 718
"B:/KartRacer/KartRacer/Content/Assets/Models/Karts/bodyk_std_mii10_alb.ubulk" 719
"B:/KartRacer/KartRacer/Content/Assets/Models/Karts/bodyk_std_mii10_alb.uasset" 720
"B:/KartRacer/KartRacer/Content/Assets/Models/Karts/bodyk_std_mii10_alb.uexp" 721
"B:/KartRacer/KartRacer/Content/Assets/Models/Karts/bodyk_std_mii09_alb.ubulk" 722
"B:/KartRacer/KartRacer/Content/Assets/Models/Karts/bodyk_std_mii09_alb.uasset" 723
"B:/KartRacer/KartRacer/Content/Assets/Models/Karts/bodyk_std_mii09_alb.uexp" 724
"B:/KartRacer/KartRacer/Content/Assets/Models/Karts/bodyk_std_mii08_alb.ubulk" 725
"B:/KartRacer/KartRacer/Content/Assets/Models/Karts/bodyk_std_mii08_alb.uasset" 726
"B:/KartRacer/KartRacer/Content/Assets/Models/Karts/bodyk_std_mii08_alb.uexp" 727
"B:/KartRacer/KartRacer/Content/Assets/Models/Karts/bodyk_std_mii07_alb.ubulk" 728
"B:/KartRacer/KartRacer/Content/Assets/Models/Karts/bodyk_std_mii07_alb.uasset" 729
"B:/KartRacer/KartRacer/Content/Assets/Models/Karts/bodyk_std_mii07_alb.uexp" 730
"B:/KartRacer/KartRacer/Content/Assets/Models/Karts/bodyk_std_mii06_alb.ubulk" 731
"B:/KartRacer/KartRacer/Content/Assets/Models/Karts/bodyk_std_mii06_alb.uasset" 732
"B:/KartRacer/KartRacer/Content/Assets/Models/Karts/bodyk_std_mii06_alb.uexp" 733
"B:/KartRacer/KartRacer/Content/Assets/Models/Karts/bodyk_std_mii05_alb.ubulk" 734
"B:/KartRacer/KartRacer/Content/Assets/Models/Karts/bodyk_std_mii05_alb.uasset" 735
"B:/KartRacer/KartRacer/Content/Assets/Models/Karts/bodyk_std_mii05_alb.uexp" 736
"B:/KartRacer/KartRacer/Content/Assets/Models/Karts/bodyk_std_mii04_alb.ubulk" 737
"B:/KartRacer/KartRacer/Content/Assets/Models/Karts/bodyk_std_mii04_alb.uasset" 738
"B:/KartRacer/KartRacer/Content/Assets/Models/Karts/bodyk_std_mii04_alb.uexp" 739
"B:/KartRacer/KartRacer/Content/Assets/Models/Karts/bodyk_std_mii03_alb.ubulk" 740
"B:/KartRacer/KartRacer/Content/Assets/Models/Karts/bodyk_std_mii03_alb.uasset" 741
"B:/KartRacer/KartRacer/Content/Assets/Models/Karts/bodyk_std_mii03_alb.uexp" 742
"B:/KartRacer/KartRacer/Content/Assets/Models/Karts/bodyk_std_mii02_alb.ubulk" 743
"B:/KartRacer/KartRacer/Content/Assets/Models/Karts/bodyk_std_mii02_alb.uasset" 744
"B:/KartRacer/KartRacer/Content/Assets/Models/Karts/bodyk_std_mii02_alb.uexp" 745
"B:/KartRacer/KartRacer/Content/Assets/Models/Karts/bodyk_std_mii01_alb.ubulk" 746
"B:/KartRacer/KartRacer/Content/Assets/Models/Karts/bodyk_std_mii01_alb.uasset" 747
"B:/KartRacer/KartRacer/Content/Assets/Models/Karts/bodyk_std_mii01_alb.uexp" 748
"B:/KartRacer/KartRacer/Content/Assets/Models/Karts/bodyk_std_mii00_alb.ubulk" 749
"B:/KartRacer/KartRacer/Content/Assets/Models/Karts/bodyk_std_mii00_alb.uasset" 750
"B:/KartRacer/KartRacer/Content/Assets/Models/Karts/bodyk_std_mii00_alb.uexp" 751
"B:/KartRacer/KartRacer/Content/Assets/Models/Karts/bodyk_std_lry_alb.ubulk" 752
"B:/KartRacer/KartRacer/Content/Assets/Models/Karts/bodyk_std_lry_alb.uasset" 753
"B:/KartRacer/KartRacer/Content/Assets/Models/Karts/bodyk_std_lry_alb.uexp" 754
"B:/KartRacer/KartRacer/Content/Assets/Models/Karts/bodyk_std_lmy_alb.ubulk" 755
"B:/KartRacer/KartRacer/Content/Assets/Models/Karts/bodyk_std_lmy_alb.uasset" 756
"B:/KartRacer/KartRacer/Content/Assets/Models/Karts/bodyk_std_lmy_alb.uexp" 757
"B:/KartRacer/KartRacer/Content/Assets/Models/Karts/bodyk_std_lig_alb.ubulk" 758
"B:/KartRacer/KartRacer/Content/Assets/Models/Karts/bodyk_std_lig_alb.uasset" 759
"B:/KartRacer/KartRacer/Content/Assets/Models/Karts/bodyk_std_lig_alb.uexp" 760
"B:/KartRacer/KartRacer/Content/Assets/Models/Karts/bodyk_std_ligb_alb.ubulk" 761
"B:/KartRacer/KartRacer/Content/Assets/Models/Karts/bodyk_std_ligb_alb.uasset" 762
"B:/KartRacer/KartRacer/Content/Assets/Models/Karts/bodyk_std_ligb_alb.uexp" 763
"B:/KartRacer/KartRacer/Content/Assets/Models/Karts/bodyk_std_ldw_alb.ubulk" 764
"B:/KartRacer/KartRacer/Content/Assets/Models/Karts/bodyk_std_ldw_alb.uasset" 765
"B:/KartRacer/KartRacer/Content/Assets/Models/Karts/bodyk_std_ldw_alb.uexp" 766
"B:/KartRacer/KartRacer/Content/Assets/Models/Karts/bodyk_std_kop_alb.ubulk" 767
"B:/KartRacer/KartRacer/Content/Assets/Models/Karts/bodyk_std_kop_alb.uasset" 768
"B:/KartRacer/KartRacer/Content/Assets/Models/Karts/bodyk_std_kop_alb.uexp" 769
"B:/KartRacer/KartRacer/Content/Assets/Models/Karts/bodyk_std_kno_alb.ubulk" 770
"B:/KartRacer/KartRacer/Content/Assets/Models/Karts/bodyk_std_kno_alb.uasset" 771
"B:/KartRacer/KartRacer/Content/Assets/Models/Karts/bodyk_std_kno_alb.uexp" 772
"B:/KartRacer/KartRacer/Content/Assets/Models/Karts/bodyk_std_knc_alb.ubulk" 773
"B:/KartRacer/KartRacer/Content/Assets/Models/Karts/bodyk_std_knc_alb.uasset" 774
"B:/KartRacer/KartRacer/Content/Assets/Models/Karts/bodyk_std_knc_alb.uexp" 775
"B:/KartRacer/KartRacer/Content/Assets/Models/Karts/bodyk_std_jgm_alb.ubulk" 776
"B:/KartRacer/KartRacer/Content/Assets/Models/Karts/bodyk_std_jgm_alb.uasset" 777
"B:/KartRacer/KartRacer/Content/Assets/Models/Karts/bodyk_std_jgm_alb.uexp" 778
"B:/KartRacer/KartRacer/Content/Assets/Models/Karts/bodyk_std_igy_alb.ubulk" 779
"B:/KartRacer/KartRacer/Content/Assets/Models/Karts/bodyk_std_igy_alb.uasset" 780
"B:/KartRacer/KartRacer/Content/Assets/Models/Karts/bodyk_std_igy_alb.uexp" 781
"B:/KartRacer/KartRacer/Content/Assets/Models/Karts/bodyk_std_hyh00_alb.ubulk" 782
"B:/KartRacer/KartRacer/Content/Assets/Models/Karts/bodyk_std_hyh00_alb.uasset" 783
"B:/KartRacer/KartRacer/Content/Assets/Models/Karts/bodyk_std_hyh00_alb.uexp" 784
"B:/KartRacer/KartRacer/Content/Assets/Models/Karts/bodyk_std_emm_3.ubulk" 785
"B:/KartRacer/KartRacer/Content/Assets/Models/Karts/bodyk_std_emm_3.uasset" 786
"B:/KartRacer/KartRacer/Content/Assets/Models/Karts/bodyk_std_emm_3.uexp" 787
"B:/KartRacer/KartRacer/Content/Assets/Models/Karts/bodyk_std_emm_2.ubulk" 788
"B:/KartRacer/KartRacer/Content/Assets/Models/Karts/bodyk_std_emm_2.uasset" 789
"B:/KartRacer/KartRacer/Content/Assets/Models/Karts/bodyk_std_emm_2.uexp" 790
"B:/KartRacer/KartRacer/Content/Assets/Models/Karts/bodyk_std_emm_0.ubulk" 791
"B:/KartRacer/KartRacer/Content/Assets/Models/Karts/bodyk_std_emm_0.uasset" 792
"B:/KartRacer/KartRacer/Content/Assets/Models/Karts/bodyk_std_emm_0.uexp" 793
"B:/KartRacer/KartRacer/Content/Assets/Models/Karts/bodyk_std_dsy_alb.ubulk" 794
"B:/KartRacer/KartRacer/Content/Assets/Models/Karts/bodyk_std_dsy_alb.uasset" 795
"B:/KartRacer/KartRacer/Content/Assets/Models/Karts/bodyk_std_dsy_alb.uexp" 796
"B:/KartRacer/KartRacer/Content/Assets/Models/Karts/bodyk_std_dsyb_alb.ubulk" 797
"B:/KartRacer/KartRacer/Content/Assets/Models/Karts/bodyk_std_dsyb_alb.uasset" 798
"B:/KartRacer/KartRacer/Content/Assets/Models/Karts/bodyk_std_dsyb_alb.uexp" 799
"B:/KartRacer/KartRacer/Content/Assets/Models/Karts/bodyk_std_dkg_alb.ubulk" 800
"B:/KartRacer/KartRacer/Content/Assets/Models/Karts/bodyk_std_dkg_alb.uasset" 801
"B:/KartRacer/KartRacer/Content/Assets/Models/Karts/bodyk_std_dkg_alb.uexp" 802
"B:/KartRacer/KartRacer/Content/Assets/Models/Karts/bodyk_std_a_spm.uasset" 803
"B:/KartRacer/KartRacer/Content/Assets/Models/Karts/bodyk_std_a_spm.uexp" 804
"B:/KartRacer/KartRacer/Content/Assets/Models/Karts/bake_bodyk_std_g00_b00_f00.uasset" 805
"B:/KartRacer/KartRacer/Content/Assets/Models/Karts/bake_bodyk_std_g00_b00_f00.uexp" 806
"../../../Engine/Content/Functions/Engine_MaterialFunctions01/Shading/PowerToRoughness.uasset" 807
"../../../Engine/Content/Functions/Engine_MaterialFunctions01/Shading/PowerToRoughness.uexp" 808
"../../../Engine/Content/Functions/Engine_MaterialFunctions01/Shading/ConvertFromDiffSpec.uasset" 809
"../../../Engine/Content/Functions/Engine_MaterialFunctions01/Shading/ConvertFromDiffSpec.uexp" 810
"B:/KartRacer/KartRacer/Content/Assets/Models/Tracks/TestTrack/ufc_road_Alb.uasset" 811
"B:/KartRacer/KartRacer/Content/Assets/Models/Tracks/TestTrack/ufc_road_Alb.uexp" 812
"B:/KartRacer/KartRacer/Content/Assets/Models/Tracks/TestTrack/UFC_Road.uasset" 813
"B:/KartRacer/KartRacer/Content/Assets/Models/Tracks/TestTrack/UFC_Road.uexp" 814
"B:/KartRacer/KartRacer/Content/Assets/Models/Tracks/TestTrack/FirstTrack.ubulk" 815
"B:/KartRacer/KartRacer/Content/Assets/Models/Tracks/TestTrack/FirstTrack.uasset" 816
"B:/KartRacer/KartRacer/Content/Assets/Models/Tracks/TestTrack/FirstTrack.uexp" 817
"../../../Engine/Content/Maps/Entry_BuiltData.uasset" 818
"../../../Engine/Content/Maps/Entry_BuiltData.uexp" 819
"../../../Engine/Content/Maps/Entry.uexp" 820
"../../../Engine/Content/Maps/Entry.umap" 821
"B:/KartRacer/KartRacer/Content/Maps/TestMap_HLOD0_Instancing.uasset" 822
"B:/KartRacer/KartRacer/Content/Maps/TestMap_HLOD0_Instancing.uexp" 823
"B:/KartRacer/KartRacer/Content/Maps/TestMap.uexp" 824
"B:/KartRacer/KartRacer/Content/Maps/TestMap.ubulk" 825
"B:/KartRacer/KartRacer/Content/Maps/TestMap.umap" 826
"B:/KartRacer/KartRacer/Content/Widgets/MainMenu/WBP_CreateGame.uasset" 827
"B:/KartRacer/KartRacer/Content/Widgets/MainMenu/WBP_CreateGame.uexp" 828
"B:/KartRacer/KartRacer/Content/Widgets/MainMenu/WBP_FindGame_Item.uasset" 829
"B:/KartRacer/KartRacer/Content/Widgets/MainMenu/WBP_FindGame_Item.uexp" 830
"B:/KartRacer/KartRacer/Content/Widgets/MainMenu/WBP_FindGame.uasset" 831
"B:/KartRacer/KartRacer/Content/Widgets/MainMenu/WBP_FindGame.uexp" 832
"B:/KartRacer/KartRacer/Content/Widgets/MainMenu/WBP_MainMenu.uasset" 833
"B:/KartRacer/KartRacer/Content/Widgets/MainMenu/WBP_MainMenu.uexp" 834
"B:/KartRacer/KartRacer/Content/Blueprints/Gamemodes/MainMenu/BP_PC_MainMenu.uasset" 835
"B:/KartRacer/KartRacer/Content/Blueprints/Gamemodes/MainMenu/BP_PC_MainMenu.uexp" 836
"B:/KartRacer/KartRacer/Content/Blueprints/Gamemodes/MainMenu/BP_GM_MainMenu.uasset" 837
"B:/KartRacer/KartRacer/Content/Blueprints/Gamemodes/MainMenu/BP_GM_MainMenu.uexp" 838
"B:/KartRacer/KartRacer/Content/Maps/MainMenu.uexp" 839
"B:/KartRacer/KartRacer/Content/Maps/MainMenu.umap" 840
"../../../Engine/Content/EngineMaterials/BlendFunc_DefBlend.uasset" 841
"../../../Engine/Content/EngineMaterials/BlendFunc_DefBlend.uexp" 842
"../../../Engine/Content/EngineMaterials/BlendFunc_DefBase.uasset" 843
"../../../Engine/Content/EngineMaterials/BlendFunc_DefBase.uexp" 844
"../../../Engine/Content/Functions/Engine_MaterialFunctions03/Blends/Blend_Overlay.uasset" 845
"../../../Engine/Content/Functions/Engine_MaterialFunctions03/Blends/Blend_Overlay.uexp" 846
"../../../Engine/Content/OpenWorldTemplate/LandscapeMaterial/T_GridChecker_A.ubulk" 847
"../../../Engine/Content/OpenWorldTemplate/LandscapeMaterial/T_GridChecker_A.uasset" 848
"../../../Engine/Content/OpenWorldTemplate/LandscapeMaterial/T_GridChecker_A.uexp" 849
"../../../Engine/Content/Functions/Engine_MaterialFunctions02/Utility/MakeFloat3.uasset" 850
"../../../Engine/Content/Functions/Engine_MaterialFunctions02/Utility/MakeFloat3.uexp" 851
"../../../Engine/Content/Functions/Engine_MaterialFunctions01/Gradient/LinearGradient.uasset" 852
"../../../Engine/Content/Functions/Engine_MaterialFunctions01/Gradient/LinearGradient.uexp" 853
"../../../Engine/Content/Functions/Engine_MaterialFunctions01/ImageAdjustment/CheapContrast.uasset" 854
"../../../Engine/Content/Functions/Engine_MaterialFunctions01/ImageAdjustment/CheapContrast.uexp" 855
"../../../Engine/Content/OpenWorldTemplate/LandscapeMaterial/MF_ProcGrid.uasset" 856
"../../../Engine/Content/OpenWorldTemplate/LandscapeMaterial/MF_ProcGrid.uexp" 857
"../../../Engine/Content/OpenWorldTemplate/LandscapeMaterial/M_ProcGrid.uasset" 858
"../../../Engine/Content/OpenWorldTemplate/LandscapeMaterial/M_ProcGrid.uexp" 859
"../../../Engine/Content/OpenWorldTemplate/LandscapeMaterial/MI_ProcGrid.uasset" 860
"../../../Engine/Content/OpenWorldTemplate/LandscapeMaterial/MI_ProcGrid.uexp" 861
"B:/KartRacer/KartRacer/Content/Widgets/Lobby/WBP_LobbyClient.uasset" 862
"B:/KartRacer/KartRacer/Content/Widgets/Lobby/WBP_LobbyClient.uexp" 863
"B:/KartRacer/KartRacer/Content/Widgets/Lobby/WBP_LobbyHost.uasset" 864
"B:/KartRacer/KartRacer/Content/Widgets/Lobby/WBP_LobbyHost.uexp" 865
"B:/KartRacer/KartRacer/Content/Blueprints/Gamemodes/Lobby/BP_PC_Lobby.uasset" 866
"B:/KartRacer/KartRacer/Content/Blueprints/Gamemodes/Lobby/BP_PC_Lobby.uexp" 867
"B:/KartRacer/KartRacer/Content/Blueprints/Gamemodes/Lobby/BP_GM_Lobby.uasset" 868
"B:/KartRacer/KartRacer/Content/Blueprints/Gamemodes/Lobby/BP_GM_Lobby.uexp" 869
"../../../Engine/Content/EngineSky/T_Sky_Stars.ubulk" 870
"../../../Engine/Content/EngineSky/T_Sky_Stars.uasset" 871
"../../../Engine/Content/EngineSky/T_Sky_Stars.uexp" 872
"../../../Engine/Content/EngineSky/T_Sky_Clouds_M.ubulk" 873
"../../../Engine/Content/EngineSky/T_Sky_Clouds_M.uasset" 874
"../../../Engine/Content/EngineSky/T_Sky_Clouds_M.uexp" 875
"../../../Engine/Content/EngineSky/T_Sky_Blue.ubulk" 876
"../../../Engine/Content/EngineSky/T_Sky_Blue.uasset" 877
"../../../Engine/Content/EngineSky/T_Sky_Blue.uexp" 878
"../../../Engine/Content/EngineSky/M_Sky_Panning_Clouds2.uasset" 879
"../../../Engine/Content/EngineSky/M_Sky_Panning_Clouds2.uexp" 880
"../../../Engine/Content/EngineSky/SM_SkySphere.ubulk" 881
"../../../Engine/Content/EngineSky/SM_SkySphere.uasset" 882
"../../../Engine/Content/EngineSky/SM_SkySphere.uexp" 883
"../../../Engine/Content/MapTemplates/SM_Template_Map_Floor.ubulk" 884
"../../../Engine/Content/MapTemplates/SM_Template_Map_Floor.uasset" 885
"../../../Engine/Content/MapTemplates/SM_Template_Map_Floor.uexp" 886
"../../../Engine/Content/EngineSky/M_SimpleSkyDome.uasset" 887
"../../../Engine/Content/EngineSky/M_SimpleSkyDome.uexp" 888
"B:/KartRacer/KartRacer/Content/Maps/Lobby.uexp" 889
"B:/KartRacer/KartRacer/Content/Maps/Lobby.umap" 890
"B:/KartRacer/KartRacer/Content/Widgets/GameInit/WBP_GameInit.uasset" 891
"B:/KartRacer/KartRacer/Content/Widgets/GameInit/WBP_GameInit.uexp" 892
"B:/KartRacer/KartRacer/Content/Blueprints/Gamemodes/GameInit/BP_PC_GameInit.uasset" 893
"B:/KartRacer/KartRacer/Content/Blueprints/Gamemodes/GameInit/BP_PC_GameInit.uexp" 894
"B:/KartRacer/KartRacer/Content/Blueprints/Gamemodes/GameInit/BP_GM_GameInit.uasset" 895
"B:/KartRacer/KartRacer/Content/Blueprints/Gamemodes/GameInit/BP_GM_GameInit.uexp" 896
"B:/KartRacer/KartRacer/Content/Maps/GameInit.uexp" 897
"B:/KartRacer/KartRacer/Content/Maps/GameInit.umap" 898
"B:/KartRacer/KartRacer/Content/Assets/Models/Tracks/Track_01/M_White.uasset" 899
"B:/KartRacer/KartRacer/Content/Assets/Models/Tracks/Track_01/M_White.uexp" 900
"B:/KartRacer/KartRacer/Content/Assets/Models/Tracks/Track_01/StartGrid.ubulk" 901
"B:/KartRacer/KartRacer/Content/Assets/Models/Tracks/Track_01/StartGrid.uasset" 902
"B:/KartRacer/KartRacer/Content/Assets/Models/Tracks/Track_01/StartGrid.uexp" 903
"B:/KartRacer/KartRacer/Content/Blueprints/TrackCheckpoints/BP_StartGrid.uasset" 904
"B:/KartRacer/KartRacer/Content/Blueprints/TrackCheckpoints/BP_StartGrid.uexp" 905
"B:/KartRacer/KartRacer/Content/Assets/Models/Tracks/Track_01/Track_01_Main.ubulk" 906
"B:/KartRacer/KartRacer/Content/Assets/Models/Tracks/Track_01/Track_01_Main.uasset" 907
"B:/KartRacer/KartRacer/Content/Assets/Models/Tracks/Track_01/Track_01_Main.uexp" 908
"B:/KartRacer/KartRacer/Content/Maps/Tracks/Track_01_Main.uexp" 909
"B:/KartRacer/KartRacer/Content/Maps/Tracks/Track_01_Main.umap" 910
"B:/KartRacer/KartRacer/Content/Maps/Tracks/Track_01.uexp" 911
"B:/KartRacer/KartRacer/Content/Maps/Tracks/Track_01.umap" 912
"B:/KartRacer/KartRacer/Content/Maps/TestMap/_Generated_/TestMap_MainGrid_L0_X-4_Y-1.uexp" 913
"B:/KartRacer/KartRacer/Content/Maps/TestMap/_Generated_/TestMap_MainGrid_L0_X-4_Y-1.ubulk" 914
"B:/KartRacer/KartRacer/Content/Maps/TestMap/_Generated_/TestMap_MainGrid_L0_X-4_Y-1.umap" 915
"B:/KartRacer/KartRacer/Content/Maps/TestMap/_Generated_/TestMap_MainGrid_L0_X0_Y1.uexp" 916
"B:/KartRacer/KartRacer/Content/Maps/TestMap/_Generated_/TestMap_MainGrid_L0_X0_Y1.ubulk" 917
"B:/KartRacer/KartRacer/Content/Maps/TestMap/_Generated_/TestMap_MainGrid_L0_X0_Y1.umap" 918
"B:/KartRacer/KartRacer/Content/Maps/TestMap/_Generated_/TestMap_MainGrid_L0_X-4_Y-2.uexp" 919
"B:/KartRacer/KartRacer/Content/Maps/TestMap/_Generated_/TestMap_MainGrid_L0_X-4_Y-2.ubulk" 920
"B:/KartRacer/KartRacer/Content/Maps/TestMap/_Generated_/TestMap_MainGrid_L0_X-4_Y-2.umap" 921
"B:/KartRacer/KartRacer/Content/Maps/TestMap/_Generated_/TestMap_MainGrid_L0_X0_Y-2.uexp" 922
"B:/KartRacer/KartRacer/Content/Maps/TestMap/_Generated_/TestMap_MainGrid_L0_X0_Y-2.ubulk" 923
"B:/KartRacer/KartRacer/Content/Maps/TestMap/_Generated_/TestMap_MainGrid_L0_X0_Y-2.umap" 924
"B:/KartRacer/KartRacer/Content/Maps/TestMap/_Generated_/TestMap_MainGrid_L0_X-3_Y1.uexp" 925
"B:/KartRacer/KartRacer/Content/Maps/TestMap/_Generated_/TestMap_MainGrid_L0_X-3_Y1.ubulk" 926
"B:/KartRacer/KartRacer/Content/Maps/TestMap/_Generated_/TestMap_MainGrid_L0_X-3_Y1.umap" 927
"B:/KartRacer/KartRacer/Content/Maps/TestMap/_Generated_/TestMap_MainGrid_L0_X-2_Y-2.uexp" 928
"B:/KartRacer/KartRacer/Content/Maps/TestMap/_Generated_/TestMap_MainGrid_L0_X-2_Y-2.ubulk" 929
"B:/KartRacer/KartRacer/Content/Maps/TestMap/_Generated_/TestMap_MainGrid_L0_X-2_Y-2.umap" 930
"B:/KartRacer/KartRacer/Content/Maps/TestMap/_Generated_/TestMap_MainGrid_L0_X-1_Y-2.uexp" 931
"B:/KartRacer/KartRacer/Content/Maps/TestMap/_Generated_/TestMap_MainGrid_L0_X-1_Y-2.ubulk" 932
"B:/KartRacer/KartRacer/Content/Maps/TestMap/_Generated_/TestMap_MainGrid_L0_X-1_Y-2.umap" 933
"B:/KartRacer/KartRacer/Content/Maps/TestMap/_Generated_/TestMap_MainGrid_L0_X0_Y2.uexp" 934
"B:/KartRacer/KartRacer/Content/Maps/TestMap/_Generated_/TestMap_MainGrid_L0_X0_Y2.ubulk" 935
"B:/KartRacer/KartRacer/Content/Maps/TestMap/_Generated_/TestMap_MainGrid_L0_X0_Y2.umap" 936
"B:/KartRacer/KartRacer/Content/Maps/TestMap/_Generated_/TestMap_MainGrid_L0_X2_Y0.uexp" 937
"B:/KartRacer/KartRacer/Content/Maps/TestMap/_Generated_/TestMap_MainGrid_L0_X2_Y0.ubulk" 938
"B:/KartRacer/KartRacer/Content/Maps/TestMap/_Generated_/TestMap_MainGrid_L0_X2_Y0.umap" 939
"B:/KartRacer/KartRacer/Content/Maps/TestMap/_Generated_/TestMap_MainGrid_L0_X-3_Y3.uexp" 940
"B:/KartRacer/KartRacer/Content/Maps/TestMap/_Generated_/TestMap_MainGrid_L0_X-3_Y3.ubulk" 941
"B:/KartRacer/KartRacer/Content/Maps/TestMap/_Generated_/TestMap_MainGrid_L0_X-3_Y3.umap" 942
"B:/KartRacer/KartRacer/Content/Maps/TestMap/_Generated_/TestMap_MainGrid_L0_X3_Y2.uexp" 943
"B:/KartRacer/KartRacer/Content/Maps/TestMap/_Generated_/TestMap_MainGrid_L0_X3_Y2.ubulk" 944
"B:/KartRacer/KartRacer/Content/Maps/TestMap/_Generated_/TestMap_MainGrid_L0_X3_Y2.umap" 945
"B:/KartRacer/KartRacer/Content/Maps/TestMap/_Generated_/TestMap_MainGrid_L0_X-4_Y0.uexp" 946
"B:/KartRacer/KartRacer/Content/Maps/TestMap/_Generated_/TestMap_MainGrid_L0_X-4_Y0.ubulk" 947
"B:/KartRacer/KartRacer/Content/Maps/TestMap/_Generated_/TestMap_MainGrid_L0_X-4_Y0.umap" 948
"B:/KartRacer/KartRacer/Content/Maps/TestMap/_Generated_/TestMap_MainGrid_L0_X1_Y1.uexp" 949
"B:/KartRacer/KartRacer/Content/Maps/TestMap/_Generated_/TestMap_MainGrid_L0_X1_Y1.ubulk" 950
"B:/KartRacer/KartRacer/Content/Maps/TestMap/_Generated_/TestMap_MainGrid_L0_X1_Y1.umap" 951
"B:/KartRacer/KartRacer/Content/Maps/TestMap/_Generated_/TestMap_MainGrid_L0_X1_Y-1.uexp" 952
"B:/KartRacer/KartRacer/Content/Maps/TestMap/_Generated_/TestMap_MainGrid_L0_X1_Y-1.ubulk" 953
"B:/KartRacer/KartRacer/Content/Maps/TestMap/_Generated_/TestMap_MainGrid_L0_X1_Y-1.umap" 954
"B:/KartRacer/KartRacer/Content/Maps/TestMap/_Generated_/TestMap_MainGrid_L0_X-1_Y-3.uexp" 955
"B:/KartRacer/KartRacer/Content/Maps/TestMap/_Generated_/TestMap_MainGrid_L0_X-1_Y-3.ubulk" 956
"B:/KartRacer/KartRacer/Content/Maps/TestMap/_Generated_/TestMap_MainGrid_L0_X-1_Y-3.umap" 957
"B:/KartRacer/KartRacer/Content/Maps/TestMap/_Generated_/TestMap_MainGrid_L0_X0_Y3.uexp" 958
"B:/KartRacer/KartRacer/Content/Maps/TestMap/_Generated_/TestMap_MainGrid_L0_X0_Y3.ubulk" 959
"B:/KartRacer/KartRacer/Content/Maps/TestMap/_Generated_/TestMap_MainGrid_L0_X0_Y3.umap" 960
"B:/KartRacer/KartRacer/Content/Maps/TestMap/_Generated_/TestMap_MainGrid_L0_X1_Y-4.uexp" 961
"B:/KartRacer/KartRacer/Content/Maps/TestMap/_Generated_/TestMap_MainGrid_L0_X1_Y-4.ubulk" 962
"B:/KartRacer/KartRacer/Content/Maps/TestMap/_Generated_/TestMap_MainGrid_L0_X1_Y-4.umap" 963
"B:/KartRacer/KartRacer/Content/Maps/TestMap/_Generated_/TestMap_MainGrid_L0_X2_Y-4.uexp" 964
"B:/KartRacer/KartRacer/Content/Maps/TestMap/_Generated_/TestMap_MainGrid_L0_X2_Y-4.ubulk" 965
"B:/KartRacer/KartRacer/Content/Maps/TestMap/_Generated_/TestMap_MainGrid_L0_X2_Y-4.umap" 966
"B:/KartRacer/KartRacer/Content/Maps/TestMap/_Generated_/TestMap_MainGrid_L0_X2_Y2.uexp" 967
"B:/KartRacer/KartRacer/Content/Maps/TestMap/_Generated_/TestMap_MainGrid_L0_X2_Y2.ubulk" 968
"B:/KartRacer/KartRacer/Content/Maps/TestMap/_Generated_/TestMap_MainGrid_L0_X2_Y2.umap" 969
"B:/KartRacer/KartRacer/Content/Maps/TestMap/_Generated_/TestMap_MainGrid_L0_X0_Y0.uexp" 970
"B:/KartRacer/KartRacer/Content/Maps/TestMap/_Generated_/TestMap_MainGrid_L0_X0_Y0.ubulk" 971
"B:/KartRacer/KartRacer/Content/Maps/TestMap/_Generated_/TestMap_MainGrid_L0_X0_Y0.umap" 972
"B:/KartRacer/KartRacer/Content/Maps/TestMap/_Generated_/TestMap_MainGrid_L0_X-3_Y0.uexp" 973
"B:/KartRacer/KartRacer/Content/Maps/TestMap/_Generated_/TestMap_MainGrid_L0_X-3_Y0.ubulk" 974
"B:/KartRacer/KartRacer/Content/Maps/TestMap/_Generated_/TestMap_MainGrid_L0_X-3_Y0.umap" 975
"B:/KartRacer/KartRacer/Content/Maps/TestMap/_Generated_/TestMap_MainGrid_L0_X1_Y3.uexp" 976
"B:/KartRacer/KartRacer/Content/Maps/TestMap/_Generated_/TestMap_MainGrid_L0_X1_Y3.ubulk" 977
"B:/KartRacer/KartRacer/Content/Maps/TestMap/_Generated_/TestMap_MainGrid_L0_X1_Y3.umap" 978
"B:/KartRacer/KartRacer/Content/Maps/TestMap/_Generated_/TestMap_MainGrid_L0_X-1_Y-4.uexp" 979
"B:/KartRacer/KartRacer/Content/Maps/TestMap/_Generated_/TestMap_MainGrid_L0_X-1_Y-4.ubulk" 980
"B:/KartRacer/KartRacer/Content/Maps/TestMap/_Generated_/TestMap_MainGrid_L0_X-1_Y-4.umap" 981
"B:/KartRacer/KartRacer/Content/Maps/TestMap/_Generated_/TestMap_MainGrid_L0_X-1_Y0.uexp" 982
"B:/KartRacer/KartRacer/Content/Maps/TestMap/_Generated_/TestMap_MainGrid_L0_X-1_Y0.ubulk" 983
"B:/KartRacer/KartRacer/Content/Maps/TestMap/_Generated_/TestMap_MainGrid_L0_X-1_Y0.umap" 984
"B:/KartRacer/KartRacer/Content/Maps/TestMap/_Generated_/TestMap_MainGrid_L0_X-4_Y3.uexp" 985
"B:/KartRacer/KartRacer/Content/Maps/TestMap/_Generated_/TestMap_MainGrid_L0_X-4_Y3.ubulk" 986
"B:/KartRacer/KartRacer/Content/Maps/TestMap/_Generated_/TestMap_MainGrid_L0_X-4_Y3.umap" 987
"B:/KartRacer/KartRacer/Content/Maps/TestMap/_Generated_/TestMap_MainGrid_L0_X-2_Y3.uexp" 988
"B:/KartRacer/KartRacer/Content/Maps/TestMap/_Generated_/TestMap_MainGrid_L0_X-2_Y3.ubulk" 989
"B:/KartRacer/KartRacer/Content/Maps/TestMap/_Generated_/TestMap_MainGrid_L0_X-2_Y3.umap" 990
"B:/KartRacer/KartRacer/Content/Maps/TestMap/_Generated_/TestMap_MainGrid_L0_X2_Y-2.uexp" 991
"B:/KartRacer/KartRacer/Content/Maps/TestMap/_Generated_/TestMap_MainGrid_L0_X2_Y-2.ubulk" 992
"B:/KartRacer/KartRacer/Content/Maps/TestMap/_Generated_/TestMap_MainGrid_L0_X2_Y-2.umap" 993
"B:/KartRacer/KartRacer/Content/Maps/TestMap/_Generated_/TestMap_MainGrid_L0_X1_Y-3.uexp" 994
"B:/KartRacer/KartRacer/Content/Maps/TestMap/_Generated_/TestMap_MainGrid_L0_X1_Y-3.ubulk" 995
"B:/KartRacer/KartRacer/Content/Maps/TestMap/_Generated_/TestMap_MainGrid_L0_X1_Y-3.umap" 996
"B:/KartRacer/KartRacer/Content/Maps/TestMap/_Generated_/TestMap_MainGrid_L0_X-3_Y2.uexp" 997
"B:/KartRacer/KartRacer/Content/Maps/TestMap/_Generated_/TestMap_MainGrid_L0_X-3_Y2.ubulk" 998
"B:/KartRacer/KartRacer/Content/Maps/TestMap/_Generated_/TestMap_MainGrid_L0_X-3_Y2.umap" 999
"B:/KartRacer/KartRacer/Content/Maps/TestMap/_Generated_/TestMap_MainGrid_L0_X0_Y-3.uexp" 1000
"B:/KartRacer/KartRacer/Content/Maps/TestMap/_Generated_/TestMap_MainGrid_L0_X0_Y-3.ubulk" 1001
"B:/KartRacer/KartRacer/Content/Maps/TestMap/_Generated_/TestMap_MainGrid_L0_X0_Y-3.umap" 1002
"B:/KartRacer/KartRacer/Content/Maps/TestMap/_Generated_/TestMap_MainGrid_L0_X3_Y-4.uexp" 1003
"B:/KartRacer/KartRacer/Content/Maps/TestMap/_Generated_/TestMap_MainGrid_L0_X3_Y-4.ubulk" 1004
"B:/KartRacer/KartRacer/Content/Maps/TestMap/_Generated_/TestMap_MainGrid_L0_X3_Y-4.umap" 1005
"B:/KartRacer/KartRacer/Content/Maps/TestMap/_Generated_/TestMap_MainGrid_L0_X-2_Y1.uexp" 1006
"B:/KartRacer/KartRacer/Content/Maps/TestMap/_Generated_/TestMap_MainGrid_L0_X-2_Y1.ubulk" 1007
"B:/KartRacer/KartRacer/Content/Maps/TestMap/_Generated_/TestMap_MainGrid_L0_X-2_Y1.umap" 1008
"B:/KartRacer/KartRacer/Content/Maps/TestMap/_Generated_/TestMap_MainGrid_L0_X3_Y0.uexp" 1009
"B:/KartRacer/KartRacer/Content/Maps/TestMap/_Generated_/TestMap_MainGrid_L0_X3_Y0.ubulk" 1010
"B:/KartRacer/KartRacer/Content/Maps/TestMap/_Generated_/TestMap_MainGrid_L0_X3_Y0.umap" 1011
"B:/KartRacer/KartRacer/Content/Maps/TestMap/_Generated_/TestMap_MainGrid_L0_X-2_Y-3.uexp" 1012
"B:/KartRacer/KartRacer/Content/Maps/TestMap/_Generated_/TestMap_MainGrid_L0_X-2_Y-3.ubulk" 1013
"B:/KartRacer/KartRacer/Content/Maps/TestMap/_Generated_/TestMap_MainGrid_L0_X-2_Y-3.umap" 1014
"B:/KartRacer/KartRacer/Content/Maps/TestMap/_Generated_/TestMap_MainGrid_L0_X-3_Y-3.uexp" 1015
"B:/KartRacer/KartRacer/Content/Maps/TestMap/_Generated_/TestMap_MainGrid_L0_X-3_Y-3.ubulk" 1016
"B:/KartRacer/KartRacer/Content/Maps/TestMap/_Generated_/TestMap_MainGrid_L0_X-3_Y-3.umap" 1017
"B:/KartRacer/KartRacer/Content/Maps/TestMap/_Generated_/TestMap_MainGrid_L0_X-3_Y-2.uexp" 1018
"B:/KartRacer/KartRacer/Content/Maps/TestMap/_Generated_/TestMap_MainGrid_L0_X-3_Y-2.ubulk" 1019
"B:/KartRacer/KartRacer/Content/Maps/TestMap/_Generated_/TestMap_MainGrid_L0_X-3_Y-2.umap" 1020
"B:/KartRacer/KartRacer/Content/Maps/TestMap/_Generated_/TestMap_MainGrid_L0_X-2_Y0.uexp" 1021
"B:/KartRacer/KartRacer/Content/Maps/TestMap/_Generated_/TestMap_MainGrid_L0_X-2_Y0.ubulk" 1022
"B:/KartRacer/KartRacer/Content/Maps/TestMap/_Generated_/TestMap_MainGrid_L0_X-2_Y0.umap" 1023
"B:/KartRacer/KartRacer/Content/Maps/TestMap/_Generated_/TestMap_MainGrid_L0_X-2_Y2.uexp" 1024
"B:/KartRacer/KartRacer/Content/Maps/TestMap/_Generated_/TestMap_MainGrid_L0_X-2_Y2.ubulk" 1025
"B:/KartRacer/KartRacer/Content/Maps/TestMap/_Generated_/TestMap_MainGrid_L0_X-2_Y2.umap" 1026
"B:/KartRacer/KartRacer/Content/Maps/TestMap/_Generated_/TestMap_MainGrid_L0_X2_Y-3.uexp" 1027
"B:/KartRacer/KartRacer/Content/Maps/TestMap/_Generated_/TestMap_MainGrid_L0_X2_Y-3.ubulk" 1028
"B:/KartRacer/KartRacer/Content/Maps/TestMap/_Generated_/TestMap_MainGrid_L0_X2_Y-3.umap" 1029
"B:/KartRacer/KartRacer/Content/Maps/TestMap/_Generated_/TestMap_MainGrid_L0_X-3_Y-4.uexp" 1030
"B:/KartRacer/KartRacer/Content/Maps/TestMap/_Generated_/TestMap_MainGrid_L0_X-3_Y-4.ubulk" 1031
"B:/KartRacer/KartRacer/Content/Maps/TestMap/_Generated_/TestMap_MainGrid_L0_X-3_Y-4.umap" 1032
"B:/KartRacer/KartRacer/Content/Maps/TestMap/_Generated_/TestMap_MainGrid_L0_X2_Y1.uexp" 1033
"B:/KartRacer/KartRacer/Content/Maps/TestMap/_Generated_/TestMap_MainGrid_L0_X2_Y1.ubulk" 1034
"B:/KartRacer/KartRacer/Content/Maps/TestMap/_Generated_/TestMap_MainGrid_L0_X2_Y1.umap" 1035
"B:/KartRacer/KartRacer/Content/Maps/TestMap/_Generated_/TestMap_MainGrid_L0_X-1_Y1.uexp" 1036
"B:/KartRacer/KartRacer/Content/Maps/TestMap/_Generated_/TestMap_MainGrid_L0_X-1_Y1.ubulk" 1037
"B:/KartRacer/KartRacer/Content/Maps/TestMap/_Generated_/TestMap_MainGrid_L0_X-1_Y1.umap" 1038
"B:/KartRacer/KartRacer/Content/Maps/TestMap/_Generated_/TestMap_MainGrid_L0_X-3_Y-1.uexp" 1039
"B:/KartRacer/KartRacer/Content/Maps/TestMap/_Generated_/TestMap_MainGrid_L0_X-3_Y-1.ubulk" 1040
"B:/KartRacer/KartRacer/Content/Maps/TestMap/_Generated_/TestMap_MainGrid_L0_X-3_Y-1.umap" 1041
"B:/KartRacer/KartRacer/Content/Maps/TestMap/_Generated_/TestMap_MainGrid_L0_X-2_Y-1.uexp" 1042
"B:/KartRacer/KartRacer/Content/Maps/TestMap/_Generated_/TestMap_MainGrid_L0_X-2_Y-1.ubulk" 1043
"B:/KartRacer/KartRacer/Content/Maps/TestMap/_Generated_/TestMap_MainGrid_L0_X-2_Y-1.umap" 1044
"B:/KartRacer/KartRacer/Content/Maps/TestMap/_Generated_/TestMap_MainGrid_L0_X3_Y-2.uexp" 1045
"B:/KartRacer/KartRacer/Content/Maps/TestMap/_Generated_/TestMap_MainGrid_L0_X3_Y-2.ubulk" 1046
"B:/KartRacer/KartRacer/Content/Maps/TestMap/_Generated_/TestMap_MainGrid_L0_X3_Y-2.umap" 1047
"B:/KartRacer/KartRacer/Content/Maps/TestMap/_Generated_/TestMap_MainGrid_L0_X3_Y-1.uexp" 1048
"B:/KartRacer/KartRacer/Content/Maps/TestMap/_Generated_/TestMap_MainGrid_L0_X3_Y-1.ubulk" 1049
"B:/KartRacer/KartRacer/Content/Maps/TestMap/_Generated_/TestMap_MainGrid_L0_X3_Y-1.umap" 1050
"B:/KartRacer/KartRacer/Content/Maps/TestMap/_Generated_/TestMap_MainGrid_L0_X3_Y-3.uexp" 1051
"B:/KartRacer/KartRacer/Content/Maps/TestMap/_Generated_/TestMap_MainGrid_L0_X3_Y-3.ubulk" 1052
"B:/KartRacer/KartRacer/Content/Maps/TestMap/_Generated_/TestMap_MainGrid_L0_X3_Y-3.umap" 1053
"B:/KartRacer/KartRacer/Content/Maps/TestMap/_Generated_/TestMap_MainGrid_L0_X-4_Y-3.uexp" 1054
"B:/KartRacer/KartRacer/Content/Maps/TestMap/_Generated_/TestMap_MainGrid_L0_X-4_Y-3.ubulk" 1055
"B:/KartRacer/KartRacer/Content/Maps/TestMap/_Generated_/TestMap_MainGrid_L0_X-4_Y-3.umap" 1056
"B:/KartRacer/KartRacer/Content/Maps/TestMap/_Generated_/TestMap_MainGrid_L0_X-4_Y2.uexp" 1057
"B:/KartRacer/KartRacer/Content/Maps/TestMap/_Generated_/TestMap_MainGrid_L0_X-4_Y2.ubulk" 1058
"B:/KartRacer/KartRacer/Content/Maps/TestMap/_Generated_/TestMap_MainGrid_L0_X-4_Y2.umap" 1059
"B:/KartRacer/KartRacer/Content/Maps/TestMap/_Generated_/TestMap_MainGrid_L0_X3_Y3.uexp" 1060
"B:/KartRacer/KartRacer/Content/Maps/TestMap/_Generated_/TestMap_MainGrid_L0_X3_Y3.ubulk" 1061
"B:/KartRacer/KartRacer/Content/Maps/TestMap/_Generated_/TestMap_MainGrid_L0_X3_Y3.umap" 1062
"B:/KartRacer/KartRacer/Content/Maps/TestMap/_Generated_/TestMap_MainGrid_L0_X2_Y3.uexp" 1063
"B:/KartRacer/KartRacer/Content/Maps/TestMap/_Generated_/TestMap_MainGrid_L0_X2_Y3.ubulk" 1064
"B:/KartRacer/KartRacer/Content/Maps/TestMap/_Generated_/TestMap_MainGrid_L0_X2_Y3.umap" 1065
"B:/KartRacer/KartRacer/Content/Maps/TestMap/_Generated_/TestMap_MainGrid_L0_X-4_Y1.uexp" 1066
"B:/KartRacer/KartRacer/Content/Maps/TestMap/_Generated_/TestMap_MainGrid_L0_X-4_Y1.ubulk" 1067
"B:/KartRacer/KartRacer/Content/Maps/TestMap/_Generated_/TestMap_MainGrid_L0_X-4_Y1.umap" 1068
"B:/KartRacer/KartRacer/Content/Maps/TestMap/_Generated_/TestMap_MainGrid_L0_X-1_Y3.uexp" 1069
"B:/KartRacer/KartRacer/Content/Maps/TestMap/_Generated_/TestMap_MainGrid_L0_X-1_Y3.ubulk" 1070
"B:/KartRacer/KartRacer/Content/Maps/TestMap/_Generated_/TestMap_MainGrid_L0_X-1_Y3.umap" 1071
"B:/KartRacer/KartRacer/Content/Maps/TestMap/_Generated_/TestMap_MainGrid_L0_X0_Y-1.uexp" 1072
"B:/KartRacer/KartRacer/Content/Maps/TestMap/_Generated_/TestMap_MainGrid_L0_X0_Y-1.ubulk" 1073
"B:/KartRacer/KartRacer/Content/Maps/TestMap/_Generated_/TestMap_MainGrid_L0_X0_Y-1.umap" 1074
"B:/KartRacer/KartRacer/Content/Maps/TestMap/_Generated_/TestMap_MainGrid_L0_X2_Y-1.uexp" 1075
"B:/KartRacer/KartRacer/Content/Maps/TestMap/_Generated_/TestMap_MainGrid_L0_X2_Y-1.ubulk" 1076
"B:/KartRacer/KartRacer/Content/Maps/TestMap/_Generated_/TestMap_MainGrid_L0_X2_Y-1.umap" 1077
"B:/KartRacer/KartRacer/Content/Maps/TestMap/_Generated_/TestMap_MainGrid_L0_X-1_Y2.uexp" 1078
"B:/KartRacer/KartRacer/Content/Maps/TestMap/_Generated_/TestMap_MainGrid_L0_X-1_Y2.ubulk" 1079
"B:/KartRacer/KartRacer/Content/Maps/TestMap/_Generated_/TestMap_MainGrid_L0_X-1_Y2.umap" 1080
"B:/KartRacer/KartRacer/Content/Maps/TestMap/_Generated_/TestMap_MainGrid_L0_X3_Y1.uexp" 1081
"B:/KartRacer/KartRacer/Content/Maps/TestMap/_Generated_/TestMap_MainGrid_L0_X3_Y1.ubulk" 1082
"B:/KartRacer/KartRacer/Content/Maps/TestMap/_Generated_/TestMap_MainGrid_L0_X3_Y1.umap" 1083
"B:/KartRacer/KartRacer/Content/Maps/TestMap/_Generated_/TestMap_MainGrid_L0_X-1_Y-1.uexp" 1084
"B:/KartRacer/KartRacer/Content/Maps/TestMap/_Generated_/TestMap_MainGrid_L0_X-1_Y-1.ubulk" 1085
"B:/KartRacer/KartRacer/Content/Maps/TestMap/_Generated_/TestMap_MainGrid_L0_X-1_Y-1.umap" 1086
"B:/KartRacer/KartRacer/Content/Maps/TestMap/_Generated_/TestMap_MainGrid_L0_X1_Y-2.uexp" 1087
"B:/KartRacer/KartRacer/Content/Maps/TestMap/_Generated_/TestMap_MainGrid_L0_X1_Y-2.ubulk" 1088
"B:/KartRacer/KartRacer/Content/Maps/TestMap/_Generated_/TestMap_MainGrid_L0_X1_Y-2.umap" 1089
"B:/KartRacer/KartRacer/Content/Maps/TestMap/_Generated_/TestMap_MainGrid_L0_X1_Y0.uexp" 1090
"B:/KartRacer/KartRacer/Content/Maps/TestMap/_Generated_/TestMap_MainGrid_L0_X1_Y0.ubulk" 1091
"B:/KartRacer/KartRacer/Content/Maps/TestMap/_Generated_/TestMap_MainGrid_L0_X1_Y0.umap" 1092
"B:/KartRacer/KartRacer/Content/Maps/TestMap/_Generated_/TestMap_MainGrid_L0_X0_Y-4.uexp" 1093
"B:/KartRacer/KartRacer/Content/Maps/TestMap/_Generated_/TestMap_MainGrid_L0_X0_Y-4.ubulk" 1094
"B:/KartRacer/KartRacer/Content/Maps/TestMap/_Generated_/TestMap_MainGrid_L0_X0_Y-4.umap" 1095
"B:/KartRacer/KartRacer/Content/Maps/TestMap/_Generated_/TestMap_MainGrid_L0_X-2_Y-4.uexp" 1096
"B:/KartRacer/KartRacer/Content/Maps/TestMap/_Generated_/TestMap_MainGrid_L0_X-2_Y-4.ubulk" 1097
"B:/KartRacer/KartRacer/Content/Maps/TestMap/_Generated_/TestMap_MainGrid_L0_X-2_Y-4.umap" 1098
"B:/KartRacer/KartRacer/Content/Maps/TestMap/_Generated_/TestMap_MainGrid_L0_X1_Y2.uexp" 1099
"B:/KartRacer/KartRacer/Content/Maps/TestMap/_Generated_/TestMap_MainGrid_L0_X1_Y2.ubulk" 1100
"B:/KartRacer/KartRacer/Content/Maps/TestMap/_Generated_/TestMap_MainGrid_L0_X1_Y2.umap" 1101
"B:/KartRacer/KartRacer/Content/Maps/TestMap/_Generated_/TestMap_MainGrid_L0_X-4_Y-4.uexp" 1102
"B:/KartRacer/KartRacer/Content/Maps/TestMap/_Generated_/TestMap_MainGrid_L0_X-4_Y-4.ubulk" 1103
"B:/KartRacer/KartRacer/Content/Maps/TestMap/_Generated_/TestMap_MainGrid_L0_X-4_Y-4.umap" 1104
